{"/Users/i/nanoclaw-sandbox-3832/setup/platform.ts": {"path":"/Users/i/nanoclaw-sandbox-3832/setup/platform.ts","statementMap":{"0":{"start":{"line":12,"column":19},"end":{"line":12,"column":null}},"1":{"start":{"line":13,"column":2},"end":{"line":13,"column":null}},"2":{"start":{"line":13,"column":29},"end":{"line":13,"column":null}},"3":{"start":{"line":14,"column":2},"end":{"line":14,"column":null}},"4":{"start":{"line":14,"column":28},"end":{"line":14,"column":null}},"5":{"start":{"line":15,"column":2},"end":{"line":15,"column":null}},"6":{"start":{"line":19,"column":2},"end":{"line":19,"column":null}},"7":{"start":{"line":19,"column":33},"end":{"line":19,"column":null}},"8":{"start":{"line":20,"column":2},"end":{"line":25,"column":null}},"9":{"start":{"line":21,"column":20},"end":{"line":21,"column":null}},"10":{"start":{"line":22,"column":4},"end":{"line":22,"column":null}},"11":{"start":{"line":24,"column":4},"end":{"line":24,"column":null}},"12":{"start":{"line":29,"column":2},"end":{"line":29,"column":null}},"13":{"start":{"line":34,"column":2},"end":{"line":36,"column":null}},"14":{"start":{"line":35,"column":4},"end":{"line":35,"column":null}},"15":{"start":{"line":38,"column":2},"end":{"line":38,"column":null}},"16":{"start":{"line":42,"column":2},"end":{"line":42,"column":null}},"17":{"start":{"line":42,"column":33},"end":{"line":42,"column":null}},"18":{"start":{"line":43,"column":2},"end":{"line":49,"column":null}},"19":{"start":{"line":45,"column":17},"end":{"line":45,"column":null}},"20":{"start":{"line":46,"column":4},"end":{"line":46,"column":null}},"21":{"start":{"line":48,"column":4},"end":{"line":48,"column":null}},"22":{"start":{"line":57,"column":2},"end":{"line":87,"column":null}},"23":{"start":{"line":58,"column":21},"end":{"line":58,"column":null}},"24":{"start":{"line":59,"column":4},"end":{"line":62,"column":null}},"25":{"start":{"line":60,"column":6},"end":{"line":60,"column":null}},"26":{"start":{"line":61,"column":6},"end":{"line":61,"column":null}},"27":{"start":{"line":63,"column":4},"end":{"line":84,"column":null}},"28":{"start":{"line":65,"column":6},"end":{"line":68,"column":null}},"29":{"start":{"line":66,"column":8},"end":{"line":66,"column":null}},"30":{"start":{"line":67,"column":8},"end":{"line":67,"column":null}},"31":{"start":{"line":69,"column":6},"end":{"line":72,"column":null}},"32":{"start":{"line":70,"column":8},"end":{"line":70,"column":null}},"33":{"start":{"line":71,"column":8},"end":{"line":71,"column":null}},"34":{"start":{"line":74,"column":6},"end":{"line":83,"column":null}},"35":{"start":{"line":75,"column":8},"end":{"line":82,"column":null}},"36":{"start":{"line":76,"column":10},"end":{"line":78,"column":null}},"37":{"start":{"line":79,"column":10},"end":{"line":79,"column":null}},"38":{"start":{"line":88,"column":2},"end":{"line":88,"column":null}},"39":{"start":{"line":92,"column":19},"end":{"line":92,"column":null}},"40":{"start":{"line":93,"column":2},"end":{"line":93,"column":null}},"41":{"start":{"line":93,"column":28},"end":{"line":93,"column":null}},"42":{"start":{"line":94,"column":2},"end":{"line":97,"column":null}},"43":{"start":{"line":95,"column":4},"end":{"line":95,"column":null}},"44":{"start":{"line":95,"column":22},"end":{"line":95,"column":null}},"45":{"start":{"line":96,"column":4},"end":{"line":96,"column":null}},"46":{"start":{"line":98,"column":2},"end":{"line":98,"column":null}},"47":{"start":{"line":102,"column":2},"end":{"line":106,"column":null}},"48":{"start":{"line":103,"column":4},"end":{"line":103,"column":null}},"49":{"start":{"line":105,"column":4},"end":{"line":105,"column":null}},"50":{"start":{"line":110,"column":2},"end":{"line":115,"column":null}},"51":{"start":{"line":111,"column":4},"end":{"line":111,"column":null}},"52":{"start":{"line":112,"column":4},"end":{"line":112,"column":null}},"53":{"start":{"line":114,"column":4},"end":{"line":114,"column":null}},"54":{"start":{"line":119,"column":2},"end":{"line":124,"column":null}},"55":{"start":{"line":120,"column":10},"end":{"line":120,"column":null}},"56":{"start":{"line":121,"column":4},"end":{"line":121,"column":null}},"57":{"start":{"line":123,"column":4},"end":{"line":123,"column":null}},"58":{"start":{"line":128,"column":18},"end":{"line":128,"column":null}},"59":{"start":{"line":129,"column":2},"end":{"line":129,"column":null}},"60":{"start":{"line":129,"column":16},"end":{"line":129,"column":null}},"61":{"start":{"line":130,"column":16},"end":{"line":130,"column":null}},"62":{"start":{"line":131,"column":2},"end":{"line":131,"column":null}}},"fnMap":{"0":{"name":"getPlatform","decl":{"start":{"line":11,"column":16},"end":{"line":11,"column":40}},"loc":{"start":{"line":11,"column":40},"end":{"line":16,"column":null}},"line":11},"1":{"name":"isWSL","decl":{"start":{"line":18,"column":16},"end":{"line":18,"column":33}},"loc":{"start":{"line":18,"column":33},"end":{"line":26,"column":null}},"line":18},"2":{"name":"isRoot","decl":{"start":{"line":28,"column":16},"end":{"line":28,"column":34}},"loc":{"start":{"line":28,"column":34},"end":{"line":30,"column":null}},"line":28},"3":{"name":"isHeadless","decl":{"start":{"line":32,"column":16},"end":{"line":32,"column":38}},"loc":{"start":{"line":32,"column":38},"end":{"line":39,"column":null}},"line":32},"4":{"name":"hasSystemd","decl":{"start":{"line":41,"column":16},"end":{"line":41,"column":38}},"loc":{"start":{"line":41,"column":38},"end":{"line":50,"column":null}},"line":41},"5":{"name":"openBrowser","decl":{"start":{"line":56,"column":16},"end":{"line":56,"column":28}},"loc":{"start":{"line":56,"column":50},"end":{"line":89,"column":null}},"line":56},"6":{"name":"getServiceManager","decl":{"start":{"line":91,"column":16},"end":{"line":91,"column":52}},"loc":{"start":{"line":91,"column":52},"end":{"line":99,"column":null}},"line":91},"7":{"name":"getNodePath","decl":{"start":{"line":101,"column":16},"end":{"line":101,"column":38}},"loc":{"start":{"line":101,"column":38},"end":{"line":107,"column":null}},"line":101},"8":{"name":"commandExists","decl":{"start":{"line":109,"column":16},"end":{"line":109,"column":30}},"loc":{"start":{"line":109,"column":53},"end":{"line":116,"column":null}},"line":109},"9":{"name":"getNodeVersion","decl":{"start":{"line":118,"column":16},"end":{"line":118,"column":48}},"loc":{"start":{"line":118,"column":48},"end":{"line":125,"column":null}},"line":118},"10":{"name":"getNodeMajorVersion","decl":{"start":{"line":127,"column":16},"end":{"line":127,"column":53}},"loc":{"start":{"line":127,"column":53},"end":{"line":132,"column":null}},"line":127}},"branchMap":{"0":{"loc":{"start":{"line":13,"column":2},"end":{"line":13,"column":null}},"type":"if","locations":[{"start":{"line":13,"column":2},"end":{"line":13,"column":null}},{"start":{},"end":{}}],"line":13},"1":{"loc":{"start":{"line":14,"column":2},"end":{"line":14,"column":null}},"type":"if","locations":[{"start":{"line":14,"column":2},"end":{"line":14,"column":null}},{"start":{},"end":{}}],"line":14},"2":{"loc":{"start":{"line":19,"column":2},"end":{"line":19,"column":null}},"type":"if","locations":[{"start":{"line":19,"column":2},"end":{"line":19,"column":null}},{"start":{},"end":{}}],"line":19},"3":{"loc":{"start":{"line":22,"column":11},"end":{"line":22,"column":null}},"type":"binary-expr","locations":[{"start":{"line":22,"column":11},"end":{"line":22,"column":44}},{"start":{"line":22,"column":44},"end":{"line":22,"column":null}}],"line":22},"4":{"loc":{"start":{"line":34,"column":2},"end":{"line":36,"column":null}},"type":"if","locations":[{"start":{"line":34,"column":2},"end":{"line":36,"column":null}},{"start":{},"end":{}}],"line":34},"5":{"loc":{"start":{"line":35,"column":11},"end":{"line":35,"column":null}},"type":"binary-expr","locations":[{"start":{"line":35,"column":11},"end":{"line":35,"column":35}},{"start":{"line":35,"column":35},"end":{"line":35,"column":null}}],"line":35},"6":{"loc":{"start":{"line":42,"column":2},"end":{"line":42,"column":null}},"type":"if","locations":[{"start":{"line":42,"column":2},"end":{"line":42,"column":null}},{"start":{},"end":{}}],"line":42},"7":{"loc":{"start":{"line":59,"column":4},"end":{"line":62,"column":null}},"type":"if","locations":[{"start":{"line":59,"column":4},"end":{"line":62,"column":null}},{"start":{},"end":{}}],"line":59},"8":{"loc":{"start":{"line":63,"column":4},"end":{"line":84,"column":null}},"type":"if","locations":[{"start":{"line":63,"column":4},"end":{"line":84,"column":null}},{"start":{},"end":{}}],"line":63},"9":{"loc":{"start":{"line":65,"column":6},"end":{"line":68,"column":null}},"type":"if","locations":[{"start":{"line":65,"column":6},"end":{"line":68,"column":null}},{"start":{},"end":{}}],"line":65},"10":{"loc":{"start":{"line":69,"column":6},"end":{"line":72,"column":null}},"type":"if","locations":[{"start":{"line":69,"column":6},"end":{"line":72,"column":null}},{"start":{},"end":{}}],"line":69},"11":{"loc":{"start":{"line":69,"column":10},"end":{"line":69,"column":47}},"type":"binary-expr","locations":[{"start":{"line":69,"column":10},"end":{"line":69,"column":21}},{"start":{"line":69,"column":21},"end":{"line":69,"column":47}}],"line":69},"12":{"loc":{"start":{"line":74,"column":6},"end":{"line":83,"column":null}},"type":"if","locations":[{"start":{"line":74,"column":6},"end":{"line":83,"column":null}},{"start":{},"end":{}}],"line":74},"13":{"loc":{"start":{"line":93,"column":2},"end":{"line":93,"column":null}},"type":"if","locations":[{"start":{"line":93,"column":2},"end":{"line":93,"column":null}},{"start":{},"end":{}}],"line":93},"14":{"loc":{"start":{"line":94,"column":2},"end":{"line":97,"column":null}},"type":"if","locations":[{"start":{"line":94,"column":2},"end":{"line":97,"column":null}},{"start":{},"end":{}}],"line":94},"15":{"loc":{"start":{"line":95,"column":4},"end":{"line":95,"column":null}},"type":"if","locations":[{"start":{"line":95,"column":4},"end":{"line":95,"column":null}},{"start":{},"end":{}}],"line":95},"16":{"loc":{"start":{"line":129,"column":2},"end":{"line":129,"column":null}},"type":"if","locations":[{"start":{"line":129,"column":2},"end":{"line":129,"column":null}},{"start":{},"end":{}}],"line":129},"17":{"loc":{"start":{"line":131,"column":9},"end":{"line":131,"column":null}},"type":"cond-expr","locations":[{"start":{"line":131,"column":24},"end":{"line":131,"column":31}},{"start":{"line":131,"column":31},"end":{"line":131,"column":null}}],"line":131}},"s":{"0":8,"1":8,"2":8,"3":0,"4":0,"5":0,"6":2,"7":2,"8":0,"9":0,"10":0,"11":0,"12":1,"13":1,"14":0,"15":1,"16":2,"17":2,"18":0,"19":0,"20":0,"21":0,"22":0,"23":0,"24":0,"25":0,"26":0,"27":0,"28":0,"29":0,"30":0,"31":0,"32":0,"33":0,"34":0,"35":0,"36":0,"37":0,"38":0,"39":2,"40":2,"41":2,"42":0,"43":0,"44":0,"45":0,"46":0,"47":0,"48":0,"49":0,"50":4,"51":4,"52":4,"53":2,"54":2,"55":2,"56":2,"57":0,"58":1,"59":1,"60":0,"61":1,"62":1},"f":{"0":8,"1":2,"2":1,"3":1,"4":2,"5":0,"6":2,"7":0,"8":4,"9":2,"10":1},"b":{"0":[8,0],"1":[0,0],"2":[2,0],"3":[0,0],"4":[0,1],"5":[0,0],"6":[2,0],"7":[0,0],"8":[0,0],"9":[0,0],"10":[0,0],"11":[0,0],"12":[0,0],"13":[2,0],"14":[0,0],"15":[0,0],"16":[0,1],"17":[0,1]},"meta":{"lastBranch":18,"lastFunction":11,"lastStatement":63,"seen":{"f:11:16:11:40":0,"s:12:19:12:Infinity":0,"b:13:2:13:Infinity:undefined:undefined:undefined:undefined":0,"s:13:2:13:Infinity":1,"s:13:29:13:Infinity":2,"b:14:2:14:Infinity:undefined:undefined:undefined:undefined":1,"s:14:2:14:Infinity":3,"s:14:28:14:Infinity":4,"s:15:2:15:Infinity":5,"f:18:16:18:33":1,"b:19:2:19:Infinity:undefined:undefined:undefined:undefined":2,"s:19:2:19:Infinity":6,"s:19:33:19:Infinity":7,"s:20:2:25:Infinity":8,"s:21:20:21:Infinity":9,"s:22:4:22:Infinity":10,"b:22:11:22:44:22:44:22:Infinity":3,"s:24:4:24:Infinity":11,"f:28:16:28:34":2,"s:29:2:29:Infinity":12,"f:32:16:32:38":3,"b:34:2:36:Infinity:undefined:undefined:undefined:undefined":4,"s:34:2:36:Infinity":13,"s:35:4:35:Infinity":14,"b:35:11:35:35:35:35:35:Infinity":5,"s:38:2:38:Infinity":15,"f:41:16:41:38":4,"b:42:2:42:Infinity:undefined:undefined:undefined:undefined":6,"s:42:2:42:Infinity":16,"s:42:33:42:Infinity":17,"s:43:2:49:Infinity":18,"s:45:17:45:Infinity":19,"s:46:4:46:Infinity":20,"s:48:4:48:Infinity":21,"f:56:16:56:28":5,"s:57:2:87:Infinity":22,"s:58:21:58:Infinity":23,"b:59:4:62:Infinity:undefined:undefined:undefined:undefined":7,"s:59:4:62:Infinity":24,"s:60:6:60:Infinity":25,"s:61:6:61:Infinity":26,"b:63:4:84:Infinity:undefined:undefined:undefined:undefined":8,"s:63:4:84:Infinity":27,"b:65:6:68:Infinity:undefined:undefined:undefined:undefined":9,"s:65:6:68:Infinity":28,"s:66:8:66:Infinity":29,"s:67:8:67:Infinity":30,"b:69:6:72:Infinity:undefined:undefined:undefined:undefined":10,"s:69:6:72:Infinity":31,"b:69:10:69:21:69:21:69:47":11,"s:70:8:70:Infinity":32,"s:71:8:71:Infinity":33,"b:74:6:83:Infinity:undefined:undefined:undefined:undefined":12,"s:74:6:83:Infinity":34,"s:75:8:82:Infinity":35,"s:76:10:78:Infinity":36,"s:79:10:79:Infinity":37,"s:88:2:88:Infinity":38,"f:91:16:91:52":6,"s:92:19:92:Infinity":39,"b:93:2:93:Infinity:undefined:undefined:undefined:undefined":13,"s:93:2:93:Infinity":40,"s:93:28:93:Infinity":41,"b:94:2:97:Infinity:undefined:undefined:undefined:undefined":14,"s:94:2:97:Infinity":42,"b:95:4:95:Infinity:undefined:undefined:undefined:undefined":15,"s:95:4:95:Infinity":43,"s:95:22:95:Infinity":44,"s:96:4:96:Infinity":45,"s:98:2:98:Infinity":46,"f:101:16:101:38":7,"s:102:2:106:Infinity":47,"s:103:4:103:Infinity":48,"s:105:4:105:Infinity":49,"f:109:16:109:30":8,"s:110:2:115:Infinity":50,"s:111:4:111:Infinity":51,"s:112:4:112:Infinity":52,"s:114:4:114:Infinity":53,"f:118:16:118:48":9,"s:119:2:124:Infinity":54,"s:120:10:120:Infinity":55,"s:121:4:121:Infinity":56,"s:123:4:123:Infinity":57,"f:127:16:127:53":10,"s:128:18:128:Infinity":58,"b:129:2:129:Infinity:undefined:undefined:undefined:undefined":16,"s:129:2:129:Infinity":59,"s:129:16:129:Infinity":60,"s:130:16:130:Infinity":61,"s:131:2:131:Infinity":62,"b:131:24:131:31:131:31:131:Infinity":17}}}
,"/Users/i/nanoclaw-sandbox-3832/src/config.ts": {"path":"/Users/i/nanoclaw-sandbox-3832/src/config.ts","statementMap":{"0":{"start":{"line":9,"column":6},"end":{"line":9,"column":null}},"1":{"start":{"line":12,"column":2},"end":{"line":12,"column":null}},"2":{"start":{"line":13,"column":13},"end":{"line":15,"column":null}},"3":{"start":{"line":16,"column":29},"end":{"line":16,"column":null}},"4":{"start":{"line":17,"column":39},"end":{"line":17,"column":null}},"5":{"start":{"line":20,"column":21},"end":{"line":20,"column":null}},"6":{"start":{"line":21,"column":17},"end":{"line":21,"column":null}},"7":{"start":{"line":24,"column":36},"end":{"line":29,"column":null}},"8":{"start":{"line":30,"column":37},"end":{"line":35,"column":null}},"9":{"start":{"line":36,"column":25},"end":{"line":36,"column":null}},"10":{"start":{"line":37,"column":26},"end":{"line":37,"column":null}},"11":{"start":{"line":38,"column":24},"end":{"line":38,"column":null}},"12":{"start":{"line":41,"column":2},"end":{"line":41,"column":null}},"13":{"start":{"line":42,"column":33},"end":{"line":45,"column":null}},"14":{"start":{"line":46,"column":41},"end":{"line":49,"column":null}},"15":{"start":{"line":50,"column":37},"end":{"line":53,"column":null}},"16":{"start":{"line":54,"column":33},"end":{"line":54,"column":null}},"17":{"start":{"line":55,"column":28},"end":{"line":55,"column":null}},"18":{"start":{"line":56,"column":41},"end":{"line":59,"column":null}},"19":{"start":{"line":62,"column":2},"end":{"line":62,"column":null}},"20":{"start":{"line":65,"column":31},"end":{"line":68,"column":null}},"21":{"start":{"line":73,"column":2},"end":{"line":73,"column":null}}},"fnMap":{"0":{"name":"escapeRegex","decl":{"start":{"line":61,"column":9},"end":{"line":61,"column":21}},"loc":{"start":{"line":61,"column":42},"end":{"line":63,"column":null}},"line":61}},"branchMap":{"0":{"loc":{"start":{"line":12,"column":2},"end":{"line":12,"column":null}},"type":"binary-expr","locations":[{"start":{"line":12,"column":2},"end":{"line":12,"column":32}},{"start":{"line":12,"column":32},"end":{"line":12,"column":60}},{"start":{"line":12,"column":60},"end":{"line":12,"column":null}}],"line":12},"1":{"loc":{"start":{"line":14,"column":3},"end":{"line":15,"column":44}},"type":"binary-expr","locations":[{"start":{"line":14,"column":3},"end":{"line":14,"column":null}},{"start":{"line":15,"column":4},"end":{"line":15,"column":44}}],"line":14},"2":{"loc":{"start":{"line":21,"column":17},"end":{"line":21,"column":null}},"type":"binary-expr","locations":[{"start":{"line":21,"column":17},"end":{"line":21,"column":37}},{"start":{"line":21,"column":37},"end":{"line":21,"column":null}}],"line":21},"3":{"loc":{"start":{"line":41,"column":2},"end":{"line":41,"column":null}},"type":"binary-expr","locations":[{"start":{"line":41,"column":2},"end":{"line":41,"column":33}},{"start":{"line":41,"column":33},"end":{"line":41,"column":null}}],"line":41},"4":{"loc":{"start":{"line":43,"column":2},"end":{"line":43,"column":null}},"type":"binary-expr","locations":[{"start":{"line":43,"column":2},"end":{"line":43,"column":35}},{"start":{"line":43,"column":35},"end":{"line":43,"column":null}}],"line":43},"5":{"loc":{"start":{"line":47,"column":2},"end":{"line":47,"column":null}},"type":"binary-expr","locations":[{"start":{"line":47,"column":2},"end":{"line":47,"column":43}},{"start":{"line":47,"column":43},"end":{"line":47,"column":null}}],"line":47},"6":{"loc":{"start":{"line":51,"column":2},"end":{"line":51,"column":null}},"type":"binary-expr","locations":[{"start":{"line":51,"column":2},"end":{"line":51,"column":39}},{"start":{"line":51,"column":39},"end":{"line":51,"column":null}}],"line":51},"7":{"loc":{"start":{"line":55,"column":37},"end":{"line":55,"column":76}},"type":"binary-expr","locations":[{"start":{"line":55,"column":37},"end":{"line":55,"column":65}},{"start":{"line":55,"column":65},"end":{"line":55,"column":76}}],"line":55},"8":{"loc":{"start":{"line":58,"column":2},"end":{"line":58,"column":null}},"type":"binary-expr","locations":[{"start":{"line":58,"column":2},"end":{"line":58,"column":64}},{"start":{"line":58,"column":64},"end":{"line":58,"column":null}}],"line":58},"9":{"loc":{"start":{"line":58,"column":11},"end":{"line":58,"column":57}},"type":"binary-expr","locations":[{"start":{"line":58,"column":11},"end":{"line":58,"column":52}},{"start":{"line":58,"column":52},"end":{"line":58,"column":57}}],"line":58},"10":{"loc":{"start":{"line":73,"column":2},"end":{"line":73,"column":null}},"type":"binary-expr","locations":[{"start":{"line":73,"column":2},"end":{"line":73,"column":20}},{"start":{"line":73,"column":20},"end":{"line":73,"column":null}}],"line":73}},"s":{"0":13,"1":13,"2":13,"3":13,"4":13,"5":13,"6":13,"7":13,"8":13,"9":13,"10":13,"11":13,"12":13,"13":13,"14":13,"15":13,"16":13,"17":13,"18":13,"19":13,"20":13,"21":13},"f":{"0":13},"b":{"0":[13,13,13],"1":[13,13],"2":[13,0],"3":[13,13],"4":[13,13],"5":[13,13],"6":[13,13],"7":[13,13],"8":[13,0],"9":[13,13],"10":[13,13]},"meta":{"lastBranch":11,"lastFunction":1,"lastStatement":22,"seen":{"s:9:6:9:Infinity":0,"s:12:2:12:Infinity":1,"b:12:2:12:32:12:32:12:60:12:60:12:Infinity":0,"s:13:13:15:Infinity":2,"b:14:3:14:Infinity:15:4:15:44":1,"s:16:29:16:Infinity":3,"s:17:39:17:Infinity":4,"s:20:21:20:Infinity":5,"s:21:17:21:Infinity":6,"b:21:17:21:37:21:37:21:Infinity":2,"s:24:36:29:Infinity":7,"s:30:37:35:Infinity":8,"s:36:25:36:Infinity":9,"s:37:26:37:Infinity":10,"s:38:24:38:Infinity":11,"s:41:2:41:Infinity":12,"b:41:2:41:33:41:33:41:Infinity":3,"s:42:33:45:Infinity":13,"b:43:2:43:35:43:35:43:Infinity":4,"s:46:41:49:Infinity":14,"b:47:2:47:43:47:43:47:Infinity":5,"s:50:37:53:Infinity":15,"b:51:2:51:39:51:39:51:Infinity":6,"s:54:33:54:Infinity":16,"s:55:28:55:Infinity":17,"b:55:37:55:65:55:65:55:76":7,"s:56:41:59:Infinity":18,"b:58:2:58:64:58:64:58:Infinity":8,"b:58:11:58:52:58:52:58:57":9,"f:61:9:61:21":0,"s:62:2:62:Infinity":19,"s:65:31:68:Infinity":20,"s:73:2:73:Infinity":21,"b:73:2:73:20:73:20:73:Infinity":10}}}
,"/Users/i/nanoclaw-sandbox-3832/src/container-group-registry.ts": {"path":"/Users/i/nanoclaw-sandbox-3832/src/container-group-registry.ts","statementMap":{"0":{"start":{"line":15,"column":17},"end":{"line":15,"column":null}},"1":{"start":{"line":21,"column":2},"end":{"line":21,"column":null}},"2":{"start":{"line":25,"column":2},"end":{"line":25,"column":null}},"3":{"start":{"line":35,"column":13},"end":{"line":35,"column":null}},"4":{"start":{"line":36,"column":2},"end":{"line":36,"column":null}},"5":{"start":{"line":41,"column":2},"end":{"line":41,"column":null}}},"fnMap":{"0":{"name":"registerContainerGroup","decl":{"start":{"line":17,"column":16},"end":{"line":17,"column":null}},"loc":{"start":{"line":20,"column":8},"end":{"line":22,"column":null}},"line":20},"1":{"name":"deregisterContainerGroup","decl":{"start":{"line":24,"column":16},"end":{"line":24,"column":41}},"loc":{"start":{"line":24,"column":59},"end":{"line":26,"column":null}},"line":24},"2":{"name":"resolveContainerGroup","decl":{"start":{"line":32,"column":16},"end":{"line":32,"column":null}},"loc":{"start":{"line":34,"column":30},"end":{"line":37,"column":null}},"line":34},"3":{"name":"_clearRegistry","decl":{"start":{"line":40,"column":16},"end":{"line":40,"column":39}},"loc":{"start":{"line":40,"column":39},"end":{"line":42,"column":null}},"line":40}},"branchMap":{"0":{"loc":{"start":{"line":36,"column":9},"end":{"line":36,"column":null}},"type":"binary-expr","locations":[{"start":{"line":36,"column":9},"end":{"line":36,"column":29}},{"start":{"line":36,"column":29},"end":{"line":36,"column":null}}],"line":36}},"s":{"0":2,"1":5,"2":2,"3":6,"4":6,"5":6},"f":{"0":5,"1":2,"2":6,"3":6},"b":{"0":[6,2]},"meta":{"lastBranch":1,"lastFunction":4,"lastStatement":6,"seen":{"s:15:17:15:Infinity":0,"f:17:16:17:Infinity":0,"s:21:2:21:Infinity":1,"f:24:16:24:41":1,"s:25:2:25:Infinity":2,"f:32:16:32:Infinity":2,"s:35:13:35:Infinity":3,"s:36:2:36:Infinity":4,"b:36:9:36:29:36:29:36:Infinity":0,"f:40:16:40:39":3,"s:41:2:41:Infinity":5}}}
,"/Users/i/nanoclaw-sandbox-3832/src/container-runner.ts": {"path":"/Users/i/nanoclaw-sandbox-3832/src/container-runner.ts","statementMap":{"0":{"start":{"line":37,"column":28},"end":{"line":37,"column":null}},"1":{"start":{"line":38,"column":26},"end":{"line":38,"column":null}},"2":{"start":{"line":68,"column":32},"end":{"line":68,"column":null}},"3":{"start":{"line":69,"column":22},"end":{"line":69,"column":null}},"4":{"start":{"line":70,"column":8},"end":{"line":70,"column":null}},"5":{"start":{"line":72,"column":2},"end":{"line":125,"column":null}},"6":{"start":{"line":78,"column":4},"end":{"line":82,"column":null}},"7":{"start":{"line":87,"column":20},"end":{"line":87,"column":null}},"8":{"start":{"line":88,"column":4},"end":{"line":99,"column":null}},"9":{"start":{"line":89,"column":23},"end":{"line":89,"column":null}},"10":{"start":{"line":90,"column":6},"end":{"line":93,"column":null}},"11":{"start":{"line":91,"column":8},"end":{"line":91,"column":null}},"12":{"start":{"line":92,"column":8},"end":{"line":92,"column":null}},"13":{"start":{"line":94,"column":6},"end":{"line":98,"column":null}},"14":{"start":{"line":102,"column":4},"end":{"line":106,"column":null}},"15":{"start":{"line":109,"column":4},"end":{"line":113,"column":null}},"16":{"start":{"line":117,"column":22},"end":{"line":117,"column":null}},"17":{"start":{"line":118,"column":4},"end":{"line":124,"column":null}},"18":{"start":{"line":119,"column":6},"end":{"line":123,"column":null}},"19":{"start":{"line":129,"column":27},"end":{"line":134,"column":null}},"20":{"start":{"line":135,"column":2},"end":{"line":135,"column":null}},"21":{"start":{"line":136,"column":23},"end":{"line":136,"column":null}},"22":{"start":{"line":137,"column":2},"end":{"line":158,"column":null}},"23":{"start":{"line":138,"column":4},"end":{"line":157,"column":null}},"24":{"start":{"line":161,"column":20},"end":{"line":161,"column":null}},"25":{"start":{"line":162,"column":20},"end":{"line":162,"column":null}},"26":{"start":{"line":163,"column":2},"end":{"line":170,"column":null}},"27":{"start":{"line":164,"column":4},"end":{"line":169,"column":null}},"28":{"start":{"line":165,"column":21},"end":{"line":165,"column":null}},"29":{"start":{"line":166,"column":6},"end":{"line":166,"column":null}},"30":{"start":{"line":166,"column":46},"end":{"line":166,"column":null}},"31":{"start":{"line":167,"column":21},"end":{"line":167,"column":null}},"32":{"start":{"line":168,"column":6},"end":{"line":168,"column":null}},"33":{"start":{"line":171,"column":2},"end":{"line":175,"column":null}},"34":{"start":{"line":179,"column":8},"end":{"line":179,"column":null}},"35":{"start":{"line":180,"column":2},"end":{"line":180,"column":null}},"36":{"start":{"line":181,"column":2},"end":{"line":181,"column":null}},"37":{"start":{"line":182,"column":2},"end":{"line":182,"column":null}},"38":{"start":{"line":183,"column":2},"end":{"line":187,"column":null}},"39":{"start":{"line":192,"column":2},"end":{"line":207,"column":null}},"40":{"start":{"line":193,"column":19},"end":{"line":193,"column":null}},"41":{"start":{"line":194,"column":19},"end":{"line":194,"column":null}},"42":{"start":{"line":195,"column":4},"end":{"line":195,"column":null}},"43":{"start":{"line":196,"column":4},"end":{"line":196,"column":null}},"44":{"start":{"line":197,"column":4},"end":{"line":201,"column":null}},"45":{"start":{"line":202,"column":4},"end":{"line":206,"column":null}},"46":{"start":{"line":212,"column":25},"end":{"line":217,"column":null}},"47":{"start":{"line":218,"column":30},"end":{"line":223,"column":null}},"48":{"start":{"line":224,"column":2},"end":{"line":226,"column":null}},"49":{"start":{"line":225,"column":4},"end":{"line":225,"column":null}},"50":{"start":{"line":227,"column":2},"end":{"line":231,"column":null}},"51":{"start":{"line":234,"column":2},"end":{"line":241,"column":null}},"52":{"start":{"line":235,"column":10},"end":{"line":239,"column":null}},"53":{"start":{"line":240,"column":4},"end":{"line":240,"column":null}},"54":{"start":{"line":243,"column":2},"end":{"line":243,"column":null}},"55":{"start":{"line":251,"column":25},"end":{"line":251,"column":null}},"56":{"start":{"line":258,"column":2},"end":{"line":261,"column":null}},"57":{"start":{"line":259,"column":4},"end":{"line":259,"column":null}},"58":{"start":{"line":260,"column":4},"end":{"line":260,"column":null}},"59":{"start":{"line":264,"column":2},"end":{"line":264,"column":null}},"60":{"start":{"line":267,"column":24},"end":{"line":271,"column":null}},"61":{"start":{"line":272,"column":2},"end":{"line":296,"column":null}},"62":{"start":{"line":281,"column":4},"end":{"line":295,"column":null}},"63":{"start":{"line":282,"column":6},"end":{"line":294,"column":null}},"64":{"start":{"line":283,"column":8},"end":{"line":283,"column":null}},"65":{"start":{"line":284,"column":6},"end":{"line":294,"column":null}},"66":{"start":{"line":287,"column":20},"end":{"line":287,"column":null}},"67":{"start":{"line":288,"column":22},"end":{"line":290,"column":null}},"68":{"start":{"line":291,"column":8},"end":{"line":291,"column":null}},"69":{"start":{"line":293,"column":8},"end":{"line":293,"column":null}},"70":{"start":{"line":302,"column":4},"end":{"line":302,"column":null}},"71":{"start":{"line":303,"column":2},"end":{"line":313,"column":null}},"72":{"start":{"line":304,"column":22},"end":{"line":304,"column":null}},"73":{"start":{"line":305,"column":22},"end":{"line":305,"column":null}},"74":{"start":{"line":306,"column":4},"end":{"line":306,"column":null}},"75":{"start":{"line":307,"column":4},"end":{"line":307,"column":null}},"76":{"start":{"line":308,"column":4},"end":{"line":312,"column":null}},"77":{"start":{"line":316,"column":2},"end":{"line":319,"column":null}},"78":{"start":{"line":335,"column":2},"end":{"line":345,"column":null}},"79":{"start":{"line":336,"column":4},"end":{"line":336,"column":null}},"80":{"start":{"line":337,"column":4},"end":{"line":337,"column":null}},"81":{"start":{"line":338,"column":21},"end":{"line":338,"column":null}},"82":{"start":{"line":339,"column":4},"end":{"line":339,"column":null}},"83":{"start":{"line":340,"column":4},"end":{"line":340,"column":null}},"84":{"start":{"line":341,"column":4},"end":{"line":341,"column":null}},"85":{"start":{"line":342,"column":4},"end":{"line":342,"column":null}},"86":{"start":{"line":343,"column":4},"end":{"line":343,"column":null}},"87":{"start":{"line":344,"column":4},"end":{"line":344,"column":null}},"88":{"start":{"line":351,"column":8},"end":{"line":351,"column":null}},"89":{"start":{"line":352,"column":2},"end":{"line":356,"column":null}},"90":{"start":{"line":353,"column":4},"end":{"line":353,"column":null}},"91":{"start":{"line":355,"column":4},"end":{"line":355,"column":null}},"92":{"start":{"line":359,"column":2},"end":{"line":359,"column":null}},"93":{"start":{"line":364,"column":18},"end":{"line":364,"column":null}},"94":{"start":{"line":365,"column":18},"end":{"line":365,"column":null}},"95":{"start":{"line":366,"column":2},"end":{"line":369,"column":null}},"96":{"start":{"line":367,"column":4},"end":{"line":367,"column":null}},"97":{"start":{"line":368,"column":4},"end":{"line":368,"column":null}},"98":{"start":{"line":371,"column":2},"end":{"line":377,"column":null}},"99":{"start":{"line":372,"column":4},"end":{"line":376,"column":null}},"100":{"start":{"line":373,"column":6},"end":{"line":373,"column":null}},"101":{"start":{"line":375,"column":6},"end":{"line":375,"column":null}},"102":{"start":{"line":379,"column":2},"end":{"line":379,"column":null}},"103":{"start":{"line":381,"column":2},"end":{"line":381,"column":null}},"104":{"start":{"line":387,"column":14},"end":{"line":387,"column":null}},"105":{"start":{"line":388,"column":2},"end":{"line":394,"column":null}},"106":{"start":{"line":388,"column":21},"end":{"line":388,"column":24}},"107":{"start":{"line":389,"column":4},"end":{"line":389,"column":null}},"108":{"start":{"line":389,"column":21},"end":{"line":389,"column":null}},"109":{"start":{"line":389,"column":46},"end":{"line":389,"column":74}},"110":{"start":{"line":390,"column":15},"end":{"line":392,"column":null}},"111":{"start":{"line":391,"column":6},"end":{"line":391,"column":null}},"112":{"start":{"line":391,"column":33},"end":{"line":391,"column":76}},"113":{"start":{"line":393,"column":4},"end":{"line":393,"column":null}},"114":{"start":{"line":393,"column":12},"end":{"line":393,"column":null}},"115":{"start":{"line":395,"column":2},"end":{"line":395,"column":null}},"116":{"start":{"line":404,"column":20},"end":{"line":404,"column":null}},"117":{"start":{"line":406,"column":8},"end":{"line":406,"column":null}},"118":{"start":{"line":407,"column":2},"end":{"line":407,"column":null}},"119":{"start":{"line":409,"column":17},"end":{"line":409,"column":null}},"120":{"start":{"line":410,"column":19},"end":{"line":410,"column":null}},"121":{"start":{"line":411,"column":24},"end":{"line":411,"column":null}},"122":{"start":{"line":412,"column":24},"end":{"line":416,"column":null}},"123":{"start":{"line":418,"column":2},"end":{"line":429,"column":null}},"124":{"start":{"line":424,"column":10},"end":{"line":424,"column":null}},"125":{"start":{"line":431,"column":2},"end":{"line":439,"column":null}},"126":{"start":{"line":441,"column":18},"end":{"line":441,"column":null}},"127":{"start":{"line":442,"column":2},"end":{"line":442,"column":null}},"128":{"start":{"line":444,"column":2},"end":{"line":798,"column":null}},"129":{"start":{"line":445,"column":10},"end":{"line":447,"column":null}},"130":{"start":{"line":449,"column":4},"end":{"line":449,"column":null}},"131":{"start":{"line":452,"column":4},"end":{"line":468,"column":null}},"132":{"start":{"line":453,"column":6},"end":{"line":467,"column":null}},"133":{"start":{"line":454,"column":19},"end":{"line":454,"column":null}},"134":{"start":{"line":455,"column":8},"end":{"line":466,"column":null}},"135":{"start":{"line":456,"column":10},"end":{"line":459,"column":null}},"136":{"start":{"line":460,"column":10},"end":{"line":460,"column":null}},"137":{"start":{"line":460,"column":34},"end":{"line":460,"column":68}},"138":{"start":{"line":462,"column":10},"end":{"line":465,"column":null}},"139":{"start":{"line":470,"column":17},"end":{"line":470,"column":null}},"140":{"start":{"line":471,"column":17},"end":{"line":471,"column":null}},"141":{"start":{"line":472,"column":26},"end":{"line":472,"column":null}},"142":{"start":{"line":473,"column":26},"end":{"line":473,"column":null}},"143":{"start":{"line":475,"column":4},"end":{"line":475,"column":null}},"144":{"start":{"line":476,"column":4},"end":{"line":476,"column":null}},"145":{"start":{"line":479,"column":22},"end":{"line":479,"column":null}},"146":{"start":{"line":481,"column":22},"end":{"line":481,"column":null}},"147":{"start":{"line":483,"column":4},"end":{"line":535,"column":null}},"148":{"start":{"line":484,"column":20},"end":{"line":484,"column":null}},"149":{"start":{"line":487,"column":6},"end":{"line":499,"column":null}},"150":{"start":{"line":488,"column":26},"end":{"line":488,"column":null}},"151":{"start":{"line":489,"column":8},"end":{"line":498,"column":null}},"152":{"start":{"line":490,"column":10},"end":{"line":490,"column":null}},"153":{"start":{"line":491,"column":10},"end":{"line":491,"column":null}},"154":{"start":{"line":492,"column":10},"end":{"line":495,"column":null}},"155":{"start":{"line":497,"column":10},"end":{"line":497,"column":null}},"156":{"start":{"line":502,"column":6},"end":{"line":534,"column":null}},"157":{"start":{"line":503,"column":8},"end":{"line":503,"column":null}},"158":{"start":{"line":505,"column":8},"end":{"line":505,"column":null}},"159":{"start":{"line":506,"column":8},"end":{"line":533,"column":null}},"160":{"start":{"line":507,"column":25},"end":{"line":507,"column":null}},"161":{"start":{"line":508,"column":10},"end":{"line":508,"column":null}},"162":{"start":{"line":508,"column":29},"end":{"line":508,"column":null}},"163":{"start":{"line":510,"column":26},"end":{"line":512,"column":null}},"164":{"start":{"line":513,"column":10},"end":{"line":513,"column":null}},"165":{"start":{"line":515,"column":10},"end":{"line":531,"column":null}},"166":{"start":{"line":516,"column":44},"end":{"line":516,"column":null}},"167":{"start":{"line":517,"column":12},"end":{"line":519,"column":null}},"168":{"start":{"line":518,"column":14},"end":{"line":518,"column":null}},"169":{"start":{"line":520,"column":12},"end":{"line":520,"column":null}},"170":{"start":{"line":522,"column":12},"end":{"line":522,"column":null}},"171":{"start":{"line":525,"column":12},"end":{"line":525,"column":null}},"172":{"start":{"line":525,"column":49},"end":{"line":525,"column":65}},"173":{"start":{"line":527,"column":12},"end":{"line":530,"column":null}},"174":{"start":{"line":532,"column":10},"end":{"line":532,"column":null}},"175":{"start":{"line":537,"column":4},"end":{"line":557,"column":null}},"176":{"start":{"line":538,"column":20},"end":{"line":538,"column":null}},"177":{"start":{"line":539,"column":20},"end":{"line":539,"column":null}},"178":{"start":{"line":540,"column":6},"end":{"line":542,"column":null}},"179":{"start":{"line":541,"column":8},"end":{"line":541,"column":null}},"180":{"start":{"line":541,"column":18},"end":{"line":541,"column":null}},"181":{"start":{"line":545,"column":6},"end":{"line":545,"column":null}},"182":{"start":{"line":545,"column":27},"end":{"line":545,"column":null}},"183":{"start":{"line":546,"column":24},"end":{"line":546,"column":null}},"184":{"start":{"line":547,"column":6},"end":{"line":556,"column":null}},"185":{"start":{"line":548,"column":8},"end":{"line":548,"column":null}},"186":{"start":{"line":549,"column":8},"end":{"line":549,"column":null}},"187":{"start":{"line":550,"column":8},"end":{"line":553,"column":null}},"188":{"start":{"line":555,"column":8},"end":{"line":555,"column":null}},"189":{"start":{"line":559,"column":19},"end":{"line":559,"column":null}},"190":{"start":{"line":560,"column":29},"end":{"line":560,"column":null}},"191":{"start":{"line":561,"column":26},"end":{"line":561,"column":null}},"192":{"start":{"line":564,"column":22},"end":{"line":564,"column":null}},"193":{"start":{"line":566,"column":26},"end":{"line":581,"column":null}},"194":{"start":{"line":567,"column":6},"end":{"line":567,"column":null}},"195":{"start":{"line":568,"column":6},"end":{"line":571,"column":null}},"196":{"start":{"line":572,"column":6},"end":{"line":580,"column":null}},"197":{"start":{"line":573,"column":8},"end":{"line":579,"column":null}},"198":{"start":{"line":574,"column":10},"end":{"line":577,"column":null}},"199":{"start":{"line":578,"column":10},"end":{"line":578,"column":null}},"200":{"start":{"line":583,"column":18},"end":{"line":583,"column":null}},"201":{"start":{"line":586,"column":25},"end":{"line":589,"column":null}},"202":{"start":{"line":587,"column":6},"end":{"line":587,"column":null}},"203":{"start":{"line":588,"column":6},"end":{"line":588,"column":null}},"204":{"start":{"line":591,"column":4},"end":{"line":784,"column":null}},"205":{"start":{"line":592,"column":6},"end":{"line":592,"column":null}},"206":{"start":{"line":593,"column":23},"end":{"line":593,"column":null}},"207":{"start":{"line":595,"column":6},"end":{"line":640,"column":null}},"208":{"start":{"line":596,"column":14},"end":{"line":596,"column":null}},"209":{"start":{"line":597,"column":27},"end":{"line":597,"column":null}},"210":{"start":{"line":598,"column":8},"end":{"line":609,"column":null}},"211":{"start":{"line":614,"column":8},"end":{"line":627,"column":null}},"212":{"start":{"line":615,"column":10},"end":{"line":618,"column":null}},"213":{"start":{"line":619,"column":10},"end":{"line":625,"column":null}},"214":{"start":{"line":620,"column":12},"end":{"line":624,"column":null}},"215":{"start":{"line":626,"column":10},"end":{"line":626,"column":null}},"216":{"start":{"line":629,"column":8},"end":{"line":632,"column":null}},"217":{"start":{"line":634,"column":8},"end":{"line":638,"column":null}},"218":{"start":{"line":639,"column":8},"end":{"line":639,"column":null}},"219":{"start":{"line":642,"column":12},"end":{"line":642,"column":null}},"220":{"start":{"line":643,"column":22},"end":{"line":643,"column":null}},"221":{"start":{"line":645,"column":8},"end":{"line":645,"column":null}},"222":{"start":{"line":647,"column":23},"end":{"line":657,"column":null}},"223":{"start":{"line":659,"column":22},"end":{"line":659,"column":null}},"224":{"start":{"line":661,"column":6},"end":{"line":695,"column":null}},"225":{"start":{"line":662,"column":8},"end":{"line":682,"column":null}},"226":{"start":{"line":673,"column":16},"end":{"line":673,"column":null}},"227":{"start":{"line":684,"column":8},"end":{"line":694,"column":null}},"228":{"start":{"line":691,"column":24},"end":{"line":691,"column":72}},"229":{"start":{"line":697,"column":6},"end":{"line":697,"column":null}},"230":{"start":{"line":698,"column":6},"end":{"line":698,"column":null}},"231":{"start":{"line":700,"column":6},"end":{"line":719,"column":null}},"232":{"start":{"line":701,"column":8},"end":{"line":711,"column":null}},"233":{"start":{"line":713,"column":8},"end":{"line":717,"column":null}},"234":{"start":{"line":718,"column":8},"end":{"line":718,"column":null}},"235":{"start":{"line":722,"column":6},"end":{"line":735,"column":null}},"236":{"start":{"line":723,"column":8},"end":{"line":733,"column":null}},"237":{"start":{"line":724,"column":10},"end":{"line":727,"column":null}},"238":{"start":{"line":728,"column":10},"end":{"line":732,"column":null}},"239":{"start":{"line":734,"column":8},"end":{"line":734,"column":null}},"240":{"start":{"line":738,"column":6},"end":{"line":783,"column":null}},"241":{"start":{"line":740,"column":25},"end":{"line":740,"column":null}},"242":{"start":{"line":741,"column":23},"end":{"line":741,"column":null}},"243":{"start":{"line":744,"column":8},"end":{"line":752,"column":null}},"244":{"start":{"line":745,"column":10},"end":{"line":747,"column":null}},"245":{"start":{"line":750,"column":24},"end":{"line":750,"column":null}},"246":{"start":{"line":751,"column":10},"end":{"line":751,"column":null}},"247":{"start":{"line":754,"column":40},"end":{"line":754,"column":null}},"248":{"start":{"line":756,"column":8},"end":{"line":764,"column":null}},"249":{"start":{"line":766,"column":8},"end":{"line":766,"column":null}},"250":{"start":{"line":768,"column":8},"end":{"line":776,"column":null}},"251":{"start":{"line":778,"column":8},"end":{"line":782,"column":null}},"252":{"start":{"line":786,"column":4},"end":{"line":797,"column":null}},"253":{"start":{"line":787,"column":6},"end":{"line":787,"column":null}},"254":{"start":{"line":788,"column":6},"end":{"line":791,"column":null}},"255":{"start":{"line":792,"column":6},"end":{"line":796,"column":null}},"256":{"start":{"line":815,"column":8},"end":{"line":815,"column":null}},"257":{"start":{"line":816,"column":2},"end":{"line":816,"column":null}},"258":{"start":{"line":819,"column":24},"end":{"line":821,"column":null}},"259":{"start":{"line":821,"column":26},"end":{"line":821,"column":55}},"260":{"start":{"line":823,"column":20},"end":{"line":823,"column":null}},"261":{"start":{"line":824,"column":2},"end":{"line":824,"column":null}},"262":{"start":{"line":845,"column":8},"end":{"line":845,"column":null}},"263":{"start":{"line":846,"column":2},"end":{"line":846,"column":null}},"264":{"start":{"line":849,"column":24},"end":{"line":849,"column":null}},"265":{"start":{"line":851,"column":21},"end":{"line":851,"column":null}},"266":{"start":{"line":852,"column":2},"end":{"line":862,"column":null}}},"fnMap":{"0":{"name":"buildVolumeMounts","decl":{"start":{"line":64,"column":9},"end":{"line":64,"column":null}},"loc":{"start":{"line":67,"column":17},"end":{"line":244,"column":null}},"line":67},"1":{"name":"buildContainerArgs","decl":{"start":{"line":246,"column":9},"end":{"line":246,"column":null}},"loc":{"start":{"line":250,"column":12},"end":{"line":382,"column":null}},"line":250},"2":{"name":"getContainerNetworkIp","decl":{"start":{"line":384,"column":15},"end":{"line":384,"column":null}},"loc":{"start":{"line":386,"column":26},"end":{"line":396,"column":null}},"line":386},"3":{"name":"(anonymous_3)","decl":{"start":{"line":389,"column":39},"end":{"line":389,"column":40}},"loc":{"start":{"line":389,"column":46},"end":{"line":389,"column":74}},"line":389},"4":{"name":"(anonymous_4)","decl":{"start":{"line":390,"column":48},"end":{"line":390,"column":49}},"loc":{"start":{"line":390,"column":61},"end":{"line":392,"column":5}},"line":390},"5":{"name":"(anonymous_5)","decl":{"start":{"line":391,"column":16},"end":{"line":391,"column":17}},"loc":{"start":{"line":391,"column":33},"end":{"line":391,"column":76}},"line":391},"6":{"name":"runContainerAgent","decl":{"start":{"line":398,"column":22},"end":{"line":398,"column":null}},"loc":{"start":{"line":403,"column":28},"end":{"line":799,"column":null}},"line":403},"7":{"name":"(anonymous_7)","decl":{"start":{"line":423,"column":8},"end":{"line":423,"column":9}},"loc":{"start":{"line":424,"column":10},"end":{"line":424,"column":null}},"line":424},"8":{"name":"(anonymous_8)","decl":{"start":{"line":444,"column":21},"end":{"line":444,"column":22}},"loc":{"start":{"line":444,"column":34},"end":{"line":798,"column":3}},"line":444},"9":{"name":"(anonymous_9)","decl":{"start":{"line":453,"column":12},"end":{"line":453,"column":24}},"loc":{"start":{"line":453,"column":24},"end":{"line":467,"column":9}},"line":453},"10":{"name":"(anonymous_10)","decl":{"start":{"line":460,"column":34},"end":{"line":460,"column":40}},"loc":{"start":{"line":460,"column":34},"end":{"line":460,"column":68}},"line":460},"11":{"name":"(anonymous_11)","decl":{"start":{"line":483,"column":32},"end":{"line":483,"column":33}},"loc":{"start":{"line":483,"column":42},"end":{"line":535,"column":5}},"line":483},"12":{"name":"(anonymous_12)","decl":{"start":{"line":525,"column":43},"end":{"line":525,"column":49}},"loc":{"start":{"line":525,"column":49},"end":{"line":525,"column":65}},"line":525},"13":{"name":"(anonymous_13)","decl":{"start":{"line":537,"column":32},"end":{"line":537,"column":33}},"loc":{"start":{"line":537,"column":42},"end":{"line":557,"column":5}},"line":537},"14":{"name":"(anonymous_14)","decl":{"start":{"line":566,"column":26},"end":{"line":566,"column":32}},"loc":{"start":{"line":566,"column":32},"end":{"line":581,"column":null}},"line":566},"15":{"name":"(anonymous_15)","decl":{"start":{"line":572,"column":61},"end":{"line":572,"column":62}},"loc":{"start":{"line":572,"column":70},"end":{"line":580,"column":7}},"line":572},"16":{"name":"(anonymous_16)","decl":{"start":{"line":586,"column":25},"end":{"line":586,"column":31}},"loc":{"start":{"line":586,"column":31},"end":{"line":589,"column":null}},"line":586},"17":{"name":"(anonymous_17)","decl":{"start":{"line":591,"column":26},"end":{"line":591,"column":27}},"loc":{"start":{"line":591,"column":36},"end":{"line":784,"column":5}},"line":591},"18":{"name":"(anonymous_18)","decl":{"start":{"line":619,"column":27},"end":{"line":619,"column":33}},"loc":{"start":{"line":619,"column":33},"end":{"line":625,"column":11}},"line":619},"19":{"name":"(anonymous_19)","decl":{"start":{"line":672,"column":14},"end":{"line":672,"column":15}},"loc":{"start":{"line":673,"column":16},"end":{"line":673,"column":null}},"line":673},"20":{"name":"(anonymous_20)","decl":{"start":{"line":691,"column":17},"end":{"line":691,"column":18}},"loc":{"start":{"line":691,"column":24},"end":{"line":691,"column":72}},"line":691},"21":{"name":"(anonymous_21)","decl":{"start":{"line":723,"column":25},"end":{"line":723,"column":31}},"loc":{"start":{"line":723,"column":31},"end":{"line":733,"column":9}},"line":723},"22":{"name":"(anonymous_22)","decl":{"start":{"line":786,"column":26},"end":{"line":786,"column":27}},"loc":{"start":{"line":786,"column":35},"end":{"line":797,"column":5}},"line":786},"23":{"name":"writeTasksSnapshot","decl":{"start":{"line":801,"column":16},"end":{"line":801,"column":null}},"loc":{"start":{"line":813,"column":8},"end":{"line":825,"column":null}},"line":813},"24":{"name":"(anonymous_24)","decl":{"start":{"line":821,"column":19},"end":{"line":821,"column":20}},"loc":{"start":{"line":821,"column":26},"end":{"line":821,"column":55}},"line":821},"25":{"name":"writeGroupsSnapshot","decl":{"start":{"line":839,"column":16},"end":{"line":839,"column":null}},"loc":{"start":{"line":844,"column":8},"end":{"line":863,"column":null}},"line":844}},"branchMap":{"0":{"loc":{"start":{"line":72,"column":2},"end":{"line":125,"column":null}},"type":"if","locations":[{"start":{"line":72,"column":2},"end":{"line":125,"column":null}},{"start":{"line":107,"column":9},"end":{"line":125,"column":null}}],"line":72},"1":{"loc":{"start":{"line":88,"column":4},"end":{"line":99,"column":null}},"type":"if","locations":[{"start":{"line":88,"column":4},"end":{"line":99,"column":null}},{"start":{},"end":{}}],"line":88},"2":{"loc":{"start":{"line":90,"column":6},"end":{"line":93,"column":null}},"type":"if","locations":[{"start":{"line":90,"column":6},"end":{"line":93,"column":null}},{"start":{},"end":{}}],"line":90},"3":{"loc":{"start":{"line":118,"column":4},"end":{"line":124,"column":null}},"type":"if","locations":[{"start":{"line":118,"column":4},"end":{"line":124,"column":null}},{"start":{},"end":{}}],"line":118},"4":{"loc":{"start":{"line":137,"column":2},"end":{"line":158,"column":null}},"type":"if","locations":[{"start":{"line":137,"column":2},"end":{"line":158,"column":null}},{"start":{},"end":{}}],"line":137},"5":{"loc":{"start":{"line":163,"column":2},"end":{"line":170,"column":null}},"type":"if","locations":[{"start":{"line":163,"column":2},"end":{"line":170,"column":null}},{"start":{},"end":{}}],"line":163},"6":{"loc":{"start":{"line":166,"column":6},"end":{"line":166,"column":null}},"type":"if","locations":[{"start":{"line":166,"column":6},"end":{"line":166,"column":null}},{"start":{},"end":{}}],"line":166},"7":{"loc":{"start":{"line":192,"column":2},"end":{"line":207,"column":null}},"type":"if","locations":[{"start":{"line":192,"column":2},"end":{"line":207,"column":null}},{"start":{},"end":{}}],"line":192},"8":{"loc":{"start":{"line":224,"column":2},"end":{"line":226,"column":null}},"type":"if","locations":[{"start":{"line":224,"column":2},"end":{"line":226,"column":null}},{"start":{},"end":{}}],"line":224},"9":{"loc":{"start":{"line":224,"column":6},"end":{"line":224,"column":76}},"type":"binary-expr","locations":[{"start":{"line":224,"column":6},"end":{"line":224,"column":45}},{"start":{"line":224,"column":45},"end":{"line":224,"column":76}}],"line":224},"10":{"loc":{"start":{"line":234,"column":2},"end":{"line":241,"column":null}},"type":"if","locations":[{"start":{"line":234,"column":2},"end":{"line":241,"column":null}},{"start":{},"end":{}}],"line":234},"11":{"loc":{"start":{"line":258,"column":2},"end":{"line":261,"column":null}},"type":"if","locations":[{"start":{"line":258,"column":2},"end":{"line":261,"column":null}},{"start":{},"end":{}}],"line":258},"12":{"loc":{"start":{"line":281,"column":4},"end":{"line":295,"column":null}},"type":"if","locations":[{"start":{"line":281,"column":4},"end":{"line":295,"column":null}},{"start":{},"end":{}}],"line":281},"13":{"loc":{"start":{"line":282,"column":6},"end":{"line":294,"column":null}},"type":"if","locations":[{"start":{"line":282,"column":6},"end":{"line":294,"column":null}},{"start":{"line":284,"column":6},"end":{"line":294,"column":null}}],"line":282},"14":{"loc":{"start":{"line":284,"column":6},"end":{"line":294,"column":null}},"type":"if","locations":[{"start":{"line":284,"column":6},"end":{"line":294,"column":null}},{"start":{"line":292,"column":13},"end":{"line":294,"column":null}}],"line":284},"15":{"loc":{"start":{"line":284,"column":17},"end":{"line":284,"column":65}},"type":"binary-expr","locations":[{"start":{"line":284,"column":17},"end":{"line":284,"column":42}},{"start":{"line":284,"column":42},"end":{"line":284,"column":65}}],"line":284},"16":{"loc":{"start":{"line":288,"column":22},"end":{"line":290,"column":null}},"type":"cond-expr","locations":[{"start":{"line":289,"column":12},"end":{"line":289,"column":null}},{"start":{"line":290,"column":12},"end":{"line":290,"column":null}}],"line":288},"17":{"loc":{"start":{"line":302,"column":4},"end":{"line":302,"column":null}},"type":"binary-expr","locations":[{"start":{"line":302,"column":4},"end":{"line":302,"column":39}},{"start":{"line":302,"column":39},"end":{"line":302,"column":null}}],"line":302},"18":{"loc":{"start":{"line":303,"column":2},"end":{"line":313,"column":null}},"type":"if","locations":[{"start":{"line":303,"column":2},"end":{"line":313,"column":null}},{"start":{},"end":{}}],"line":303},"19":{"loc":{"start":{"line":303,"column":6},"end":{"line":303,"column":47}},"type":"binary-expr","locations":[{"start":{"line":303,"column":6},"end":{"line":303,"column":20}},{"start":{"line":303,"column":20},"end":{"line":303,"column":47}}],"line":303},"20":{"loc":{"start":{"line":335,"column":2},"end":{"line":345,"column":null}},"type":"if","locations":[{"start":{"line":335,"column":2},"end":{"line":345,"column":null}},{"start":{},"end":{}}],"line":335},"21":{"loc":{"start":{"line":352,"column":2},"end":{"line":356,"column":null}},"type":"if","locations":[{"start":{"line":352,"column":2},"end":{"line":356,"column":null}},{"start":{"line":354,"column":9},"end":{"line":356,"column":null}}],"line":352},"22":{"loc":{"start":{"line":366,"column":2},"end":{"line":369,"column":null}},"type":"if","locations":[{"start":{"line":366,"column":2},"end":{"line":369,"column":null}},{"start":{},"end":{}}],"line":366},"23":{"loc":{"start":{"line":366,"column":6},"end":{"line":366,"column":60}},"type":"binary-expr","locations":[{"start":{"line":366,"column":6},"end":{"line":366,"column":25}},{"start":{"line":366,"column":25},"end":{"line":366,"column":42}},{"start":{"line":366,"column":42},"end":{"line":366,"column":60}}],"line":366},"24":{"loc":{"start":{"line":372,"column":4},"end":{"line":376,"column":null}},"type":"if","locations":[{"start":{"line":372,"column":4},"end":{"line":376,"column":null}},{"start":{"line":374,"column":11},"end":{"line":376,"column":null}}],"line":372},"25":{"loc":{"start":{"line":389,"column":4},"end":{"line":389,"column":null}},"type":"if","locations":[{"start":{"line":389,"column":4},"end":{"line":389,"column":null}},{"start":{},"end":{}}],"line":389},"26":{"loc":{"start":{"line":391,"column":41},"end":{"line":391,"column":75}},"type":"cond-expr","locations":[{"start":{"line":391,"column":47},"end":{"line":391,"column":54}},{"start":{"line":391,"column":54},"end":{"line":391,"column":75}}],"line":391},"27":{"loc":{"start":{"line":391,"column":54},"end":{"line":391,"column":75}},"type":"binary-expr","locations":[{"start":{"line":391,"column":54},"end":{"line":391,"column":71}},{"start":{"line":391,"column":71},"end":{"line":391,"column":75}}],"line":391},"28":{"loc":{"start":{"line":393,"column":4},"end":{"line":393,"column":null}},"type":"if","locations":[{"start":{"line":393,"column":4},"end":{"line":393,"column":null}},{"start":{},"end":{}}],"line":393},"29":{"loc":{"start":{"line":415,"column":4},"end":{"line":415,"column":null}},"type":"binary-expr","locations":[{"start":{"line":415,"column":4},"end":{"line":415,"column":49}},{"start":{"line":415,"column":49},"end":{"line":415,"column":null}}],"line":415},"30":{"loc":{"start":{"line":424,"column":48},"end":{"line":424,"column":73}},"type":"cond-expr","locations":[{"start":{"line":424,"column":61},"end":{"line":424,"column":71}},{"start":{"line":424,"column":71},"end":{"line":424,"column":73}}],"line":424},"31":{"loc":{"start":{"line":452,"column":4},"end":{"line":468,"column":null}},"type":"if","locations":[{"start":{"line":452,"column":4},"end":{"line":468,"column":null}},{"start":{},"end":{}}],"line":452},"32":{"loc":{"start":{"line":455,"column":8},"end":{"line":466,"column":null}},"type":"if","locations":[{"start":{"line":455,"column":8},"end":{"line":466,"column":null}},{"start":{"line":461,"column":15},"end":{"line":466,"column":null}}],"line":455},"33":{"loc":{"start":{"line":487,"column":6},"end":{"line":499,"column":null}},"type":"if","locations":[{"start":{"line":487,"column":6},"end":{"line":499,"column":null}},{"start":{},"end":{}}],"line":487},"34":{"loc":{"start":{"line":489,"column":8},"end":{"line":498,"column":null}},"type":"if","locations":[{"start":{"line":489,"column":8},"end":{"line":498,"column":null}},{"start":{"line":496,"column":15},"end":{"line":498,"column":null}}],"line":489},"35":{"loc":{"start":{"line":502,"column":6},"end":{"line":534,"column":null}},"type":"if","locations":[{"start":{"line":502,"column":6},"end":{"line":534,"column":null}},{"start":{},"end":{}}],"line":502},"36":{"loc":{"start":{"line":508,"column":10},"end":{"line":508,"column":null}},"type":"if","locations":[{"start":{"line":508,"column":10},"end":{"line":508,"column":null}},{"start":{},"end":{}}],"line":508},"37":{"loc":{"start":{"line":517,"column":12},"end":{"line":519,"column":null}},"type":"if","locations":[{"start":{"line":517,"column":12},"end":{"line":519,"column":null}},{"start":{},"end":{}}],"line":517},"38":{"loc":{"start":{"line":541,"column":8},"end":{"line":541,"column":null}},"type":"if","locations":[{"start":{"line":541,"column":8},"end":{"line":541,"column":null}},{"start":{},"end":{}}],"line":541},"39":{"loc":{"start":{"line":545,"column":6},"end":{"line":545,"column":null}},"type":"if","locations":[{"start":{"line":545,"column":6},"end":{"line":545,"column":null}},{"start":{},"end":{}}],"line":545},"40":{"loc":{"start":{"line":547,"column":6},"end":{"line":556,"column":null}},"type":"if","locations":[{"start":{"line":547,"column":6},"end":{"line":556,"column":null}},{"start":{"line":554,"column":13},"end":{"line":556,"column":null}}],"line":547},"41":{"loc":{"start":{"line":561,"column":26},"end":{"line":561,"column":null}},"type":"binary-expr","locations":[{"start":{"line":561,"column":26},"end":{"line":561,"column":60}},{"start":{"line":561,"column":60},"end":{"line":561,"column":null}}],"line":561},"42":{"loc":{"start":{"line":573,"column":8},"end":{"line":579,"column":null}},"type":"if","locations":[{"start":{"line":573,"column":8},"end":{"line":579,"column":null}},{"start":{},"end":{}}],"line":573},"43":{"loc":{"start":{"line":595,"column":6},"end":{"line":640,"column":null}},"type":"if","locations":[{"start":{"line":595,"column":6},"end":{"line":640,"column":null}},{"start":{},"end":{}}],"line":595},"44":{"loc":{"start":{"line":614,"column":8},"end":{"line":627,"column":null}},"type":"if","locations":[{"start":{"line":614,"column":8},"end":{"line":627,"column":null}},{"start":{},"end":{}}],"line":614},"45":{"loc":{"start":{"line":645,"column":8},"end":{"line":645,"column":null}},"type":"binary-expr","locations":[{"start":{"line":645,"column":8},"end":{"line":645,"column":45}},{"start":{"line":645,"column":45},"end":{"line":645,"column":null}}],"line":645},"46":{"loc":{"start":{"line":661,"column":6},"end":{"line":695,"column":null}},"type":"if","locations":[{"start":{"line":661,"column":6},"end":{"line":695,"column":null}},{"start":{"line":683,"column":13},"end":{"line":695,"column":null}}],"line":661},"47":{"loc":{"start":{"line":661,"column":10},"end":{"line":661,"column":32}},"type":"binary-expr","locations":[{"start":{"line":661,"column":10},"end":{"line":661,"column":23}},{"start":{"line":661,"column":23},"end":{"line":661,"column":32}}],"line":661},"48":{"loc":{"start":{"line":673,"column":54},"end":{"line":673,"column":79}},"type":"cond-expr","locations":[{"start":{"line":673,"column":67},"end":{"line":673,"column":77}},{"start":{"line":673,"column":77},"end":{"line":673,"column":79}}],"line":673},"49":{"loc":{"start":{"line":677,"column":23},"end":{"line":677,"column":60}},"type":"cond-expr","locations":[{"start":{"line":677,"column":41},"end":{"line":677,"column":58}},{"start":{"line":677,"column":58},"end":{"line":677,"column":60}}],"line":677},"50":{"loc":{"start":{"line":680,"column":23},"end":{"line":680,"column":60}},"type":"cond-expr","locations":[{"start":{"line":680,"column":41},"end":{"line":680,"column":58}},{"start":{"line":680,"column":58},"end":{"line":680,"column":60}}],"line":680},"51":{"loc":{"start":{"line":687,"column":25},"end":{"line":687,"column":49}},"type":"binary-expr","locations":[{"start":{"line":687,"column":25},"end":{"line":687,"column":44}},{"start":{"line":687,"column":44},"end":{"line":687,"column":49}}],"line":687},"52":{"loc":{"start":{"line":691,"column":45},"end":{"line":691,"column":70}},"type":"cond-expr","locations":[{"start":{"line":691,"column":58},"end":{"line":691,"column":68}},{"start":{"line":691,"column":68},"end":{"line":691,"column":70}}],"line":691},"53":{"loc":{"start":{"line":700,"column":6},"end":{"line":719,"column":null}},"type":"if","locations":[{"start":{"line":700,"column":6},"end":{"line":719,"column":null}},{"start":{},"end":{}}],"line":700},"54":{"loc":{"start":{"line":722,"column":6},"end":{"line":735,"column":null}},"type":"if","locations":[{"start":{"line":722,"column":6},"end":{"line":735,"column":null}},{"start":{},"end":{}}],"line":722},"55":{"loc":{"start":{"line":744,"column":8},"end":{"line":752,"column":null}},"type":"if","locations":[{"start":{"line":744,"column":8},"end":{"line":752,"column":null}},{"start":{"line":748,"column":15},"end":{"line":752,"column":null}}],"line":744},"56":{"loc":{"start":{"line":744,"column":12},"end":{"line":744,"column":67}},"type":"binary-expr","locations":[{"start":{"line":744,"column":12},"end":{"line":744,"column":31}},{"start":{"line":744,"column":31},"end":{"line":744,"column":48}},{"start":{"line":744,"column":48},"end":{"line":744,"column":67}}],"line":744},"57":{"loc":{"start":{"line":751,"column":21},"end":{"line":751,"column":null}},"type":"binary-expr","locations":[{"start":{"line":751,"column":21},"end":{"line":751,"column":48}},{"start":{"line":751,"column":48},"end":{"line":751,"column":null}}],"line":751},"58":{"loc":{"start":{"line":781,"column":54},"end":{"line":781,"column":102}},"type":"cond-expr","locations":[{"start":{"line":781,"column":77},"end":{"line":781,"column":91}},{"start":{"line":781,"column":91},"end":{"line":781,"column":102}}],"line":781},"59":{"loc":{"start":{"line":819,"column":24},"end":{"line":821,"column":null}},"type":"cond-expr","locations":[{"start":{"line":820,"column":6},"end":{"line":820,"column":null}},{"start":{"line":821,"column":6},"end":{"line":821,"column":null}}],"line":819},"60":{"loc":{"start":{"line":849,"column":24},"end":{"line":849,"column":null}},"type":"cond-expr","locations":[{"start":{"line":849,"column":33},"end":{"line":849,"column":42}},{"start":{"line":849,"column":42},"end":{"line":849,"column":null}}],"line":849}},"s":{"0":2,"1":2,"2":13,"3":13,"4":13,"5":13,"6":0,"7":0,"8":0,"9":0,"10":0,"11":0,"12":0,"13":0,"14":0,"15":13,"16":13,"17":13,"18":0,"19":13,"20":13,"21":13,"22":13,"23":13,"24":13,"25":13,"26":13,"27":0,"28":0,"29":0,"30":0,"31":0,"32":0,"33":13,"34":13,"35":13,"36":13,"37":13,"38":13,"39":13,"40":7,"41":7,"42":7,"43":7,"44":7,"45":7,"46":13,"47":13,"48":13,"49":0,"50":13,"51":13,"52":0,"53":0,"54":13,"55":13,"56":13,"57":7,"58":7,"59":13,"60":13,"61":13,"62":117,"63":0,"64":0,"65":0,"66":0,"67":0,"68":0,"69":0,"70":13,"71":13,"72":0,"73":0,"74":0,"75":0,"76":0,"77":13,"78":13,"79":7,"80":7,"81":7,"82":7,"83":7,"84":7,"85":7,"86":7,"87":7,"88":13,"89":13,"90":0,"91":13,"92":13,"93":13,"94":13,"95":13,"96":13,"97":13,"98":13,"99":66,"100":7,"101":59,"102":13,"103":13,"104":7,"105":7,"106":7,"107":7,"108":0,"109":0,"110":7,"111":7,"112":7,"113":7,"114":7,"115":0,"116":13,"117":13,"118":13,"119":13,"120":13,"121":13,"122":13,"123":13,"124":66,"125":13,"126":13,"127":13,"128":13,"129":13,"130":13,"131":13,"132":7,"133":7,"134":7,"135":7,"136":7,"137":7,"138":0,"139":13,"140":13,"141":13,"142":13,"143":13,"144":13,"145":13,"146":13,"147":13,"148":12,"149":12,"150":12,"151":12,"152":0,"153":0,"154":0,"155":12,"156":12,"157":2,"158":2,"159":2,"160":2,"161":2,"162":0,"163":2,"164":2,"165":2,"166":2,"167":2,"168":2,"169":2,"170":2,"171":2,"172":2,"173":0,"174":2,"175":13,"176":0,"177":0,"178":0,"179":0,"180":0,"181":0,"182":0,"183":0,"184":0,"185":0,"186":0,"187":0,"188":0,"189":13,"190":13,"191":13,"192":13,"193":13,"194":2,"195":2,"196":2,"197":2,"198":0,"199":0,"200":13,"201":13,"202":2,"203":2,"204":13,"205":14,"206":14,"207":14,"208":2,"209":2,"210":2,"211":2,"212":1,"213":1,"214":1,"215":1,"216":1,"217":1,"218":1,"219":12,"220":12,"221":12,"222":14,"223":14,"224":14,"225":0,"226":0,"227":12,"228":64,"229":12,"230":12,"231":12,"232":0,"233":0,"234":0,"235":12,"236":1,"237":1,"238":1,"239":1,"240":11,"241":11,"242":11,"243":11,"244":11,"245":0,"246":0,"247":11,"248":11,"249":11,"250":0,"251":0,"252":13,"253":0,"254":0,"255":0,"256":0,"257":0,"258":0,"259":0,"260":0,"261":0,"262":0,"263":0,"264":0,"265":0,"266":0},"f":{"0":13,"1":13,"2":7,"3":0,"4":7,"5":7,"6":13,"7":66,"8":13,"9":7,"10":7,"11":12,"12":2,"13":0,"14":2,"15":2,"16":2,"17":14,"18":1,"19":0,"20":64,"21":1,"22":0,"23":0,"24":0,"25":0},"b":{"0":[0,13],"1":[0,0],"2":[0,0],"3":[0,13],"4":[13,0],"5":[0,13],"6":[0,0],"7":[7,6],"8":[0,13],"9":[13,13],"10":[0,13],"11":[7,6],"12":[0,117],"13":[0,0],"14":[0,0],"15":[0,0],"16":[0,0],"17":[13,13],"18":[0,13],"19":[13,0],"20":[7,6],"21":[0,13],"22":[13,0],"23":[13,13,13],"24":[7,59],"25":[0,7],"26":[0,7],"27":[7,0],"28":[7,0],"29":[13,6],"30":[7,59],"31":[7,6],"32":[7,0],"33":[12,0],"34":[0,12],"35":[2,10],"36":[0,2],"37":[2,0],"38":[0,0],"39":[0,0],"40":[0,0],"41":[13,13],"42":[0,2],"43":[2,12],"44":[1,1],"45":[12,12],"46":[0,12],"47":[14,12],"48":[0,0],"49":[0,0],"50":[0,0],"51":[12,12],"52":[8,56],"53":[0,12],"54":[1,11],"55":[11,0],"56":[11,11,11],"57":[0,0],"58":[0,0],"59":[0,0],"60":[0,0]},"meta":{"lastBranch":61,"lastFunction":26,"lastStatement":267,"seen":{"s:37:28:37:Infinity":0,"s:38:26:38:Infinity":1,"f:64:9:64:Infinity":0,"s:68:32:68:Infinity":2,"s:69:22:69:Infinity":3,"s:70:8:70:Infinity":4,"b:72:2:125:Infinity:107:9:125:Infinity":0,"s:72:2:125:Infinity":5,"s:78:4:82:Infinity":6,"s:87:20:87:Infinity":7,"b:88:4:99:Infinity:undefined:undefined:undefined:undefined":1,"s:88:4:99:Infinity":8,"s:89:23:89:Infinity":9,"b:90:6:93:Infinity:undefined:undefined:undefined:undefined":2,"s:90:6:93:Infinity":10,"s:91:8:91:Infinity":11,"s:92:8:92:Infinity":12,"s:94:6:98:Infinity":13,"s:102:4:106:Infinity":14,"s:109:4:113:Infinity":15,"s:117:22:117:Infinity":16,"b:118:4:124:Infinity:undefined:undefined:undefined:undefined":3,"s:118:4:124:Infinity":17,"s:119:6:123:Infinity":18,"s:129:27:134:Infinity":19,"s:135:2:135:Infinity":20,"s:136:23:136:Infinity":21,"b:137:2:158:Infinity:undefined:undefined:undefined:undefined":4,"s:137:2:158:Infinity":22,"s:138:4:157:Infinity":23,"s:161:20:161:Infinity":24,"s:162:20:162:Infinity":25,"b:163:2:170:Infinity:undefined:undefined:undefined:undefined":5,"s:163:2:170:Infinity":26,"s:164:4:169:Infinity":27,"s:165:21:165:Infinity":28,"b:166:6:166:Infinity:undefined:undefined:undefined:undefined":6,"s:166:6:166:Infinity":29,"s:166:46:166:Infinity":30,"s:167:21:167:Infinity":31,"s:168:6:168:Infinity":32,"s:171:2:175:Infinity":33,"s:179:8:179:Infinity":34,"s:180:2:180:Infinity":35,"s:181:2:181:Infinity":36,"s:182:2:182:Infinity":37,"s:183:2:187:Infinity":38,"b:192:2:207:Infinity:undefined:undefined:undefined:undefined":7,"s:192:2:207:Infinity":39,"s:193:19:193:Infinity":40,"s:194:19:194:Infinity":41,"s:195:4:195:Infinity":42,"s:196:4:196:Infinity":43,"s:197:4:201:Infinity":44,"s:202:4:206:Infinity":45,"s:212:25:217:Infinity":46,"s:218:30:223:Infinity":47,"b:224:2:226:Infinity:undefined:undefined:undefined:undefined":8,"s:224:2:226:Infinity":48,"b:224:6:224:45:224:45:224:76":9,"s:225:4:225:Infinity":49,"s:227:2:231:Infinity":50,"b:234:2:241:Infinity:undefined:undefined:undefined:undefined":10,"s:234:2:241:Infinity":51,"s:235:10:239:Infinity":52,"s:240:4:240:Infinity":53,"s:243:2:243:Infinity":54,"f:246:9:246:Infinity":1,"s:251:25:251:Infinity":55,"b:258:2:261:Infinity:undefined:undefined:undefined:undefined":11,"s:258:2:261:Infinity":56,"s:259:4:259:Infinity":57,"s:260:4:260:Infinity":58,"s:264:2:264:Infinity":59,"s:267:24:271:Infinity":60,"s:272:2:296:Infinity":61,"b:281:4:295:Infinity:undefined:undefined:undefined:undefined":12,"s:281:4:295:Infinity":62,"b:282:6:294:Infinity:284:6:294:Infinity":13,"s:282:6:294:Infinity":63,"s:283:8:283:Infinity":64,"b:284:6:294:Infinity:292:13:294:Infinity":14,"s:284:6:294:Infinity":65,"b:284:17:284:42:284:42:284:65":15,"s:287:20:287:Infinity":66,"s:288:22:290:Infinity":67,"b:289:12:289:Infinity:290:12:290:Infinity":16,"s:291:8:291:Infinity":68,"s:293:8:293:Infinity":69,"s:302:4:302:Infinity":70,"b:302:4:302:39:302:39:302:Infinity":17,"b:303:2:313:Infinity:undefined:undefined:undefined:undefined":18,"s:303:2:313:Infinity":71,"b:303:6:303:20:303:20:303:47":19,"s:304:22:304:Infinity":72,"s:305:22:305:Infinity":73,"s:306:4:306:Infinity":74,"s:307:4:307:Infinity":75,"s:308:4:312:Infinity":76,"s:316:2:319:Infinity":77,"b:335:2:345:Infinity:undefined:undefined:undefined:undefined":20,"s:335:2:345:Infinity":78,"s:336:4:336:Infinity":79,"s:337:4:337:Infinity":80,"s:338:21:338:Infinity":81,"s:339:4:339:Infinity":82,"s:340:4:340:Infinity":83,"s:341:4:341:Infinity":84,"s:342:4:342:Infinity":85,"s:343:4:343:Infinity":86,"s:344:4:344:Infinity":87,"s:351:8:351:Infinity":88,"b:352:2:356:Infinity:354:9:356:Infinity":21,"s:352:2:356:Infinity":89,"s:353:4:353:Infinity":90,"s:355:4:355:Infinity":91,"s:359:2:359:Infinity":92,"s:364:18:364:Infinity":93,"s:365:18:365:Infinity":94,"b:366:2:369:Infinity:undefined:undefined:undefined:undefined":22,"s:366:2:369:Infinity":95,"b:366:6:366:25:366:25:366:42:366:42:366:60":23,"s:367:4:367:Infinity":96,"s:368:4:368:Infinity":97,"s:371:2:377:Infinity":98,"b:372:4:376:Infinity:374:11:376:Infinity":24,"s:372:4:376:Infinity":99,"s:373:6:373:Infinity":100,"s:375:6:375:Infinity":101,"s:379:2:379:Infinity":102,"s:381:2:381:Infinity":103,"f:384:15:384:Infinity":2,"s:387:14:387:Infinity":104,"s:388:2:394:Infinity":105,"s:388:21:388:24":106,"b:389:4:389:Infinity:undefined:undefined:undefined:undefined":25,"s:389:4:389:Infinity":107,"s:389:21:389:Infinity":108,"f:389:39:389:40":3,"s:389:46:389:74":109,"s:390:15:392:Infinity":110,"f:390:48:390:49":4,"s:391:6:391:Infinity":111,"f:391:16:391:17":5,"s:391:33:391:76":112,"b:391:47:391:54:391:54:391:75":26,"b:391:54:391:71:391:71:391:75":27,"b:393:4:393:Infinity:undefined:undefined:undefined:undefined":28,"s:393:4:393:Infinity":113,"s:393:12:393:Infinity":114,"s:395:2:395:Infinity":115,"f:398:22:398:Infinity":6,"s:404:20:404:Infinity":116,"s:406:8:406:Infinity":117,"s:407:2:407:Infinity":118,"s:409:17:409:Infinity":119,"s:410:19:410:Infinity":120,"s:411:24:411:Infinity":121,"s:412:24:416:Infinity":122,"b:415:4:415:49:415:49:415:Infinity":29,"s:418:2:429:Infinity":123,"f:423:8:423:9":7,"s:424:10:424:Infinity":124,"b:424:61:424:71:424:71:424:73":30,"s:431:2:439:Infinity":125,"s:441:18:441:Infinity":126,"s:442:2:442:Infinity":127,"s:444:2:798:Infinity":128,"f:444:21:444:22":8,"s:445:10:447:Infinity":129,"s:449:4:449:Infinity":130,"b:452:4:468:Infinity:undefined:undefined:undefined:undefined":31,"s:452:4:468:Infinity":131,"s:453:6:467:Infinity":132,"f:453:12:453:24":9,"s:454:19:454:Infinity":133,"b:455:8:466:Infinity:461:15:466:Infinity":32,"s:455:8:466:Infinity":134,"s:456:10:459:Infinity":135,"s:460:10:460:Infinity":136,"f:460:34:460:40":10,"s:460:34:460:68":137,"s:462:10:465:Infinity":138,"s:470:17:470:Infinity":139,"s:471:17:471:Infinity":140,"s:472:26:472:Infinity":141,"s:473:26:473:Infinity":142,"s:475:4:475:Infinity":143,"s:476:4:476:Infinity":144,"s:479:22:479:Infinity":145,"s:481:22:481:Infinity":146,"s:483:4:535:Infinity":147,"f:483:32:483:33":11,"s:484:20:484:Infinity":148,"b:487:6:499:Infinity:undefined:undefined:undefined:undefined":33,"s:487:6:499:Infinity":149,"s:488:26:488:Infinity":150,"b:489:8:498:Infinity:496:15:498:Infinity":34,"s:489:8:498:Infinity":151,"s:490:10:490:Infinity":152,"s:491:10:491:Infinity":153,"s:492:10:495:Infinity":154,"s:497:10:497:Infinity":155,"b:502:6:534:Infinity:undefined:undefined:undefined:undefined":35,"s:502:6:534:Infinity":156,"s:503:8:503:Infinity":157,"s:505:8:505:Infinity":158,"s:506:8:533:Infinity":159,"s:507:25:507:Infinity":160,"b:508:10:508:Infinity:undefined:undefined:undefined:undefined":36,"s:508:10:508:Infinity":161,"s:508:29:508:Infinity":162,"s:510:26:512:Infinity":163,"s:513:10:513:Infinity":164,"s:515:10:531:Infinity":165,"s:516:44:516:Infinity":166,"b:517:12:519:Infinity:undefined:undefined:undefined:undefined":37,"s:517:12:519:Infinity":167,"s:518:14:518:Infinity":168,"s:520:12:520:Infinity":169,"s:522:12:522:Infinity":170,"s:525:12:525:Infinity":171,"f:525:43:525:49":12,"s:525:49:525:65":172,"s:527:12:530:Infinity":173,"s:532:10:532:Infinity":174,"s:537:4:557:Infinity":175,"f:537:32:537:33":13,"s:538:20:538:Infinity":176,"s:539:20:539:Infinity":177,"s:540:6:542:Infinity":178,"b:541:8:541:Infinity:undefined:undefined:undefined:undefined":38,"s:541:8:541:Infinity":179,"s:541:18:541:Infinity":180,"b:545:6:545:Infinity:undefined:undefined:undefined:undefined":39,"s:545:6:545:Infinity":181,"s:545:27:545:Infinity":182,"s:546:24:546:Infinity":183,"b:547:6:556:Infinity:554:13:556:Infinity":40,"s:547:6:556:Infinity":184,"s:548:8:548:Infinity":185,"s:549:8:549:Infinity":186,"s:550:8:553:Infinity":187,"s:555:8:555:Infinity":188,"s:559:19:559:Infinity":189,"s:560:29:560:Infinity":190,"s:561:26:561:Infinity":191,"b:561:26:561:60:561:60:561:Infinity":41,"s:564:22:564:Infinity":192,"s:566:26:581:Infinity":193,"f:566:26:566:32":14,"s:567:6:567:Infinity":194,"s:568:6:571:Infinity":195,"s:572:6:580:Infinity":196,"f:572:61:572:62":15,"b:573:8:579:Infinity:undefined:undefined:undefined:undefined":42,"s:573:8:579:Infinity":197,"s:574:10:577:Infinity":198,"s:578:10:578:Infinity":199,"s:583:18:583:Infinity":200,"s:586:25:589:Infinity":201,"f:586:25:586:31":16,"s:587:6:587:Infinity":202,"s:588:6:588:Infinity":203,"s:591:4:784:Infinity":204,"f:591:26:591:27":17,"s:592:6:592:Infinity":205,"s:593:23:593:Infinity":206,"b:595:6:640:Infinity:undefined:undefined:undefined:undefined":43,"s:595:6:640:Infinity":207,"s:596:14:596:Infinity":208,"s:597:27:597:Infinity":209,"s:598:8:609:Infinity":210,"b:614:8:627:Infinity:undefined:undefined:undefined:undefined":44,"s:614:8:627:Infinity":211,"s:615:10:618:Infinity":212,"s:619:10:625:Infinity":213,"f:619:27:619:33":18,"s:620:12:624:Infinity":214,"s:626:10:626:Infinity":215,"s:629:8:632:Infinity":216,"s:634:8:638:Infinity":217,"s:639:8:639:Infinity":218,"s:642:12:642:Infinity":219,"s:643:22:643:Infinity":220,"s:645:8:645:Infinity":221,"b:645:8:645:45:645:45:645:Infinity":45,"s:647:23:657:Infinity":222,"s:659:22:659:Infinity":223,"b:661:6:695:Infinity:683:13:695:Infinity":46,"s:661:6:695:Infinity":224,"b:661:10:661:23:661:23:661:32":47,"s:662:8:682:Infinity":225,"f:672:14:672:15":19,"s:673:16:673:Infinity":226,"b:673:67:673:77:673:77:673:79":48,"b:677:41:677:58:677:58:677:60":49,"b:680:41:680:58:680:58:680:60":50,"s:684:8:694:Infinity":227,"b:687:25:687:44:687:44:687:49":51,"f:691:17:691:18":20,"s:691:24:691:72":228,"b:691:58:691:68:691:68:691:70":52,"s:697:6:697:Infinity":229,"s:698:6:698:Infinity":230,"b:700:6:719:Infinity:undefined:undefined:undefined:undefined":53,"s:700:6:719:Infinity":231,"s:701:8:711:Infinity":232,"s:713:8:717:Infinity":233,"s:718:8:718:Infinity":234,"b:722:6:735:Infinity:undefined:undefined:undefined:undefined":54,"s:722:6:735:Infinity":235,"s:723:8:733:Infinity":236,"f:723:25:723:31":21,"s:724:10:727:Infinity":237,"s:728:10:732:Infinity":238,"s:734:8:734:Infinity":239,"s:738:6:783:Infinity":240,"s:740:25:740:Infinity":241,"s:741:23:741:Infinity":242,"b:744:8:752:Infinity:748:15:752:Infinity":55,"s:744:8:752:Infinity":243,"b:744:12:744:31:744:31:744:48:744:48:744:67":56,"s:745:10:747:Infinity":244,"s:750:24:750:Infinity":245,"s:751:10:751:Infinity":246,"b:751:21:751:48:751:48:751:Infinity":57,"s:754:40:754:Infinity":247,"s:756:8:764:Infinity":248,"s:766:8:766:Infinity":249,"s:768:8:776:Infinity":250,"s:778:8:782:Infinity":251,"b:781:77:781:91:781:91:781:102":58,"s:786:4:797:Infinity":252,"f:786:26:786:27":22,"s:787:6:787:Infinity":253,"s:788:6:791:Infinity":254,"s:792:6:796:Infinity":255,"f:801:16:801:Infinity":23,"s:815:8:815:Infinity":256,"s:816:2:816:Infinity":257,"s:819:24:821:Infinity":258,"b:820:6:820:Infinity:821:6:821:Infinity":59,"f:821:19:821:20":24,"s:821:26:821:55":259,"s:823:20:823:Infinity":260,"s:824:2:824:Infinity":261,"f:839:16:839:Infinity":25,"s:845:8:845:Infinity":262,"s:846:2:846:Infinity":263,"s:849:24:849:Infinity":264,"b:849:33:849:42:849:42:849:Infinity":60,"s:851:21:851:Infinity":265,"s:852:2:862:Infinity":266}}}
,"/Users/i/nanoclaw-sandbox-3832/src/container-runtime.ts": {"path":"/Users/i/nanoclaw-sandbox-3832/src/container-runtime.ts","statementMap":{"0":{"start":{"line":12,"column":37},"end":{"line":12,"column":null}},"1":{"start":{"line":15,"column":38},"end":{"line":15,"column":null}},"2":{"start":{"line":26,"column":2},"end":{"line":26,"column":null}},"3":{"start":{"line":29,"column":2},"end":{"line":29,"column":null}},"4":{"start":{"line":29,"column":34},"end":{"line":29,"column":null}},"5":{"start":{"line":33,"column":2},"end":{"line":33,"column":null}},"6":{"start":{"line":33,"column":60},"end":{"line":33,"column":null}},"7":{"start":{"line":36,"column":17},"end":{"line":36,"column":null}},"8":{"start":{"line":37,"column":18},"end":{"line":37,"column":null}},"9":{"start":{"line":38,"column":2},"end":{"line":41,"column":null}},"10":{"start":{"line":39,"column":17},"end":{"line":39,"column":null}},"11":{"start":{"line":39,"column":37},"end":{"line":39,"column":56}},"12":{"start":{"line":40,"column":4},"end":{"line":40,"column":null}},"13":{"start":{"line":40,"column":14},"end":{"line":40,"column":null}},"14":{"start":{"line":42,"column":2},"end":{"line":42,"column":null}},"15":{"start":{"line":48,"column":2},"end":{"line":50,"column":null}},"16":{"start":{"line":49,"column":4},"end":{"line":49,"column":null}},"17":{"start":{"line":51,"column":2},"end":{"line":51,"column":null}},"18":{"start":{"line":69,"column":2},"end":{"line":69,"column":null}},"19":{"start":{"line":69,"column":37},"end":{"line":69,"column":null}},"20":{"start":{"line":70,"column":2},"end":{"line":78,"column":null}},"21":{"start":{"line":71,"column":10},"end":{"line":74,"column":null}},"22":{"start":{"line":75,"column":4},"end":{"line":75,"column":null}},"23":{"start":{"line":77,"column":4},"end":{"line":77,"column":null}},"24":{"start":{"line":79,"column":2},"end":{"line":79,"column":null}},"25":{"start":{"line":84,"column":2},"end":{"line":84,"column":null}},"26":{"start":{"line":92,"column":2},"end":{"line":92,"column":null}},"27":{"start":{"line":97,"column":2},"end":{"line":97,"column":null}},"28":{"start":{"line":102,"column":2},"end":{"line":135,"column":null}},"29":{"start":{"line":103,"column":4},"end":{"line":106,"column":null}},"30":{"start":{"line":107,"column":4},"end":{"line":107,"column":null}},"31":{"start":{"line":109,"column":4},"end":{"line":109,"column":null}},"32":{"start":{"line":110,"column":4},"end":{"line":112,"column":null}},"33":{"start":{"line":113,"column":4},"end":{"line":115,"column":null}},"34":{"start":{"line":116,"column":4},"end":{"line":118,"column":null}},"35":{"start":{"line":119,"column":4},"end":{"line":121,"column":null}},"36":{"start":{"line":122,"column":4},"end":{"line":124,"column":null}},"37":{"start":{"line":125,"column":4},"end":{"line":127,"column":null}},"38":{"start":{"line":128,"column":4},"end":{"line":130,"column":null}},"39":{"start":{"line":131,"column":4},"end":{"line":133,"column":null}},"40":{"start":{"line":134,"column":4},"end":{"line":134,"column":null}},"41":{"start":{"line":140,"column":2},"end":{"line":166,"column":null}},"42":{"start":{"line":141,"column":10},"end":{"line":144,"column":null}},"43":{"start":{"line":146,"column":21},"end":{"line":146,"column":null}},"44":{"start":{"line":147,"column":20},"end":{"line":150,"column":null}},"45":{"start":{"line":150,"column":21},"end":{"line":150,"column":40}},"46":{"start":{"line":151,"column":4},"end":{"line":157,"column":null}},"47":{"start":{"line":152,"column":6},"end":{"line":156,"column":null}},"48":{"start":{"line":153,"column":8},"end":{"line":153,"column":null}},"49":{"start":{"line":158,"column":4},"end":{"line":163,"column":null}},"50":{"start":{"line":159,"column":6},"end":{"line":162,"column":null}},"51":{"start":{"line":165,"column":4},"end":{"line":165,"column":null}}},"fnMap":{"0":{"name":"detectProxyBindHost","decl":{"start":{"line":28,"column":9},"end":{"line":28,"column":39}},"loc":{"start":{"line":28,"column":39},"end":{"line":43,"column":null}},"line":28},"1":{"name":"(anonymous_1)","decl":{"start":{"line":39,"column":30},"end":{"line":39,"column":31}},"loc":{"start":{"line":39,"column":37},"end":{"line":39,"column":56}},"line":39},"2":{"name":"hostGatewayArgs","decl":{"start":{"line":46,"column":16},"end":{"line":46,"column":44}},"loc":{"start":{"line":46,"column":44},"end":{"line":52,"column":null}},"line":46},"3":{"name":"getProxyBridgeIp","decl":{"start":{"line":68,"column":16},"end":{"line":68,"column":50}},"loc":{"start":{"line":68,"column":50},"end":{"line":80,"column":null}},"line":68},"4":{"name":"_resetProxyBridgeIpCache","decl":{"start":{"line":83,"column":16},"end":{"line":83,"column":49}},"loc":{"start":{"line":83,"column":49},"end":{"line":85,"column":null}},"line":83},"5":{"name":"readonlyMountArgs","decl":{"start":{"line":88,"column":16},"end":{"line":88,"column":null}},"loc":{"start":{"line":91,"column":12},"end":{"line":93,"column":null}},"line":91},"6":{"name":"stopContainer","decl":{"start":{"line":96,"column":16},"end":{"line":96,"column":30}},"loc":{"start":{"line":96,"column":52},"end":{"line":98,"column":
[...]
":265,"column":null}}],"line":265},"23":{"loc":{"start":{"line":267,"column":27},"end":{"line":267,"column":null}},"type":"binary-expr","locations":[{"start":{"line":267,"column":27},"end":{"line":267,"column":45}},{"start":{"line":267,"column":45},"end":{"line":267,"column":null}}],"line":267},"24":{"loc":{"start":{"line":272,"column":33},"end":{"line":274,"column":null}},"type":"cond-expr","locations":[{"start":{"line":273,"column":16},"end":{"line":273,"column":null}},{"start":{"line":274,"column":16},"end":{"line":274,"column":null}}],"line":272},"25":{"loc":{"start":{"line":277,"column":18},"end":{"line":277,"column":null}},"type":"binary-expr","locations":[{"start":{"line":277,"column":18},"end":{"line":277,"column":32}},{"start":{"line":277,"column":32},"end":{"line":277,"column":null}}],"line":277},"26":{"loc":{"start":{"line":302,"column":21},"end":{"line":304,"column":null}},"type":"cond-expr","locations":[{"start":{"line":303,"column":8},"end":{"line":303,"column":null}},{"start":{"line":304,"column":8},"end":{"line":304,"column":null}}],"line":302},"27":{"loc":{"start":{"line":306,"column":4},"end":{"line":313,"column":null}},"type":"if","locations":[{"start":{"line":306,"column":4},"end":{"line":313,"column":null}},{"start":{},"end":{}}],"line":306},"28":{"loc":{"start":{"line":332,"column":11},"end":{"line":332,"column":null}},"type":"binary-expr","locations":[{"start":{"line":332,"column":11},"end":{"line":332,"column":36}},{"start":{"line":332,"column":36},"end":{"line":332,"column":null}}],"line":332},"29":{"loc":{"start":{"line":342,"column":21},"end":{"line":342,"column":null}},"type":"cond-expr","locations":[{"start":{"line":342,"column":32},"end":{"line":342,"column":46}},{"start":{"line":342,"column":46},"end":{"line":342,"column":null}}],"line":342},"30":{"loc":{"start":{"line":359,"column":26},"end":{"line":359,"column":56}},"type":"default-arg","locations":[{"start":{"line":359,"column":34},"end":{"line":359,"column":56}}],"line":359},"31":{"loc":{"start":{"line":360,"column":4},"end":{"line":369,"column":null}},"type":"if","locations":[{"start":{"line":360,"column":4},"end":{"line":369,"column":null}},{"start":{},"end":{}}],"line":360},"32":{"loc":{"start":{"line":362,"column":6},"end":{"line":368,"column":null}},"type":"if","locations":[{"start":{"line":362,"column":6},"end":{"line":368,"column":null}},{"start":{},"end":{}}],"line":362},"33":{"loc":{"start":{"line":364,"column":8},"end":{"line":367,"column":null}},"type":"if","locations":[{"start":{"line":364,"column":8},"end":{"line":367,"column":null}},{"start":{},"end":{}}],"line":364},"34":{"loc":{"start":{"line":377,"column":8},"end":{"line":380,"column":null}},"type":"if","locations":[{"start":{"line":377,"column":8},"end":{"line":380,"column":null}},{"start":{},"end":{}}],"line":377},"35":{"loc":{"start":{"line":391,"column":4},"end":{"line":391,"column":null}},"type":"if","locations":[{"start":{"line":391,"column":4},"end":{"line":391,"column":null}},{"start":{},"end":{}}],"line":391},"36":{"loc":{"start":{"line":392,"column":10},"end":{"line":392,"column":null}},"type":"binary-expr","locations":[{"start":{"line":392,"column":10},"end":{"line":392,"column":63}},{"start":{"line":392,"column":63},"end":{"line":392,"column":null}}],"line":392},"37":{"loc":{"start":{"line":392,"column":21},"end":{"line":392,"column":46}},"type":"binary-expr","locations":[{"start":{"line":392,"column":21},"end":{"line":392,"column":42}},{"start":{"line":392,"column":42},"end":{"line":392,"column":46}}],"line":392},"38":{"loc":{"start":{"line":396,"column":4},"end":{"line":402,"column":null}},"type":"if","locations":[{"start":{"line":396,"column":4},"end":{"line":402,"column":null}},{"start":{},"end":{}}],"line":396},"39":{"loc":{"start":{"line":407,"column":6},"end":{"line":415,"column":null}},"type":"if","locations":[{"start":{"line":407,"column":6},"end":{"line":415,"column":null}},{"start":{},"end":{}}],"line":407},"40":{"loc":{"start":{"line":408,"column":25},"end":{"line":408,"column":72}},"type":"binary-expr","locations":[{"start":{"line":408,"column":25},"end":{"line":408,"column":70}},{"start":{"line":408,"column":70},"end":{"line":408,"column":72}}],"line":408},"41":{"loc":{"start":{"line":408,"column":29},"end":{"line":408,"column":53}},"type":"binary-expr","locations":[{"start":{"line":408,"column":29},"end":{"line":408,"column":49}},{"start":{"line":408,"column":49},"end":{"line":408,"column":53}}],"line":408},"42":{"loc":{"start":{"line":424,"column":4},"end":{"line":424,"column":null}},"type":"if","locations":[{"start":{"line":424,"column":4},"end":{"line":424,"column":null}},{"start":{},"end":{}}],"line":424},"43":{"loc":{"start":{"line":424,"column":8},"end":{"line":424,"column":58}},"type":"binary-expr","locations":[{"start":{"line":424,"column":8},"end":{"line":424,"column":25}},{"start":{"line":424,"column":25},"end":{"line":424,"column":58}}],"line":424},"44":{"loc":{"start":{"line":433,"column":8},"end":{"line":433,"column":null}},"type":"if","locations":[{"start":{"line":433,"column":8},"end":{"line":433,"column":null}},{"start":{},"end":{}}],"line":433}},"s":{"0":1,"1":1,"2":0,"3":0,"4":0,"5":0,"6":0,"7":0,"8":0,"9":0,"10":0,"11":0,"12":0,"13":0,"14":0,"15":0,"16":0,"17":0,"18":36,"19":0,"20":36,"21":1,"22":36,"23":1,"24":41,"25":41,"26":41,"27":41,"28":41,"29":41,"30":41,"31":34,"32":34,"33":36,"34":36,"35":36,"36":36,"37":36,"38":36,"39":37,"40":37,"41":1,"42":1,"43":1,"44":1,"45":1,"46":37,"47":3,"48":3,"49":3,"50":3,"51":3,"52":2,"53":2,"54":0,"55":0,"56":0,"57":0,"58":1,"59":1,"60":34,"61":33,"62":33,"63":33,"64":0,"65":33,"66":33,"67":33,"68":33,"69":33,"70":33,"71":33,"72":0,"73":33,"74":0,"75":33,"76":33,"77":33,"78":0,"79":0,"80":33,"81":33,"82":33,"83":36,"84":36,"85":12,"86":12,"87":12,"88":1,"89":11,"90":11,"91":0,"92":11,"93":11,"94":1,"95":10,"96":10,"97":10,"98":10,"99":10,"100":10,"101":8,"102":8,"103":1,"104":7,"105":8,"106":8,"107":8,"108":8,"109":0,"110":8,"111":8,"112":5,"113":5,"114":5,"115":3,"116":3,"117":2,"118":1,"119":1,"120":6,"121":4,"122":1,"123":1,"124":3,"125":3,"126":3,"127":3,"128":1,"129":0,"130":36,"131":33,"132":33,"133":2,"134":2,"135":2,"136":2,"137":34,"138":34,"139":34,"140":32,"141":32,"142":9,"143":5,"144":5,"145":32,"146":32,"147":2,"148":10,"149":8,"150":2,"151":10,"152":10,"153":1,"154":1,"155":1,"156":1,"157":1,"158":0,"159":0,"160":0,"161":0,"162":0,"163":1,"164":34,"165":32,"166":2,"167":2,"168":2,"169":2,"170":4,"171":4,"172":0,"173":4,"174":4,"175":2,"176":1,"177":0},"f":{"0":0,"1":0,"2":0,"3":0,"4":0,"5":0,"6":0,"7":36,"8":1,"9":41,"10":34,"11":34,"12":36,"13":37,"14":1,"15":0,"16":0,"17":0,"18":0,"19":0,"20":0,"21":0,"22":0,"23":12,"24":8,"25":6,"26":4,"27":1,"28":3,"29":0,"30":36,"31":10,"32":34,"33":0},"b":{"0":[1,1,1,1],"1":[0,1],"2":[0,0],"3":[0,0],"4":[0,36],"5":[1,36],"6":[3,34],"7":[2,1],"8":[33,1],"9":[33,0],"10":[33,0],"11":[33,33],"12":[33,0],"13":[33,0],"14":[1,11],"15":[0,11],"16":[1,10],"17":[11,11],"18":[8,2],"19":[8,4,3,2,1],"20":[1,7],"21":[7,1,0],"22":[8,1,0],"23":[8,7],"24":[0,7],"25":[8,0],"26":[0,8],"27":[5,3],"28":[4,3],"29":[2,1],"30":[36],"31":[33,3],"32":[2,31],"33":[2,0],"34":[5,4],"35":[8,2],"36":[2,0],"37":[2,0],"38":[1,9],"39":[0,1],"40":[0,0],"41":[0,0],"42":[32,2],"43":[34,34],"44":[0,4]},"meta":{"lastBranch":45,"lastFunction":34,"lastStatement":178,"seen":{"s:18:2:21:Infinity":0,"b:18:2:18:Infinity:19:2:19:Infinity:20:2:20:Infinity:21:2:21:Infinity":0,"s:22:21:22:Infinity":1,"b:22:32:22:64:22:64:22:Infinity":1,"f:28:9:28:79":0,"s:29:2:54:Infinity":2,"f:29:21:29:22":1,"s:30:16:47:Infinity":3,"f:33:6:33:7":2,"s:34:19:34:Infinity":4,"s:35:8:37:Infinity":5,"f:35:23:35:24":3,"s:36:10:36:Infinity":6,"s:38:8:45:Infinity":7,"f:38:22:38:28":4,"s:39:24:39:Infinity":8,"b:40:10:44:Infinity:42:17:44:Infinity":2,"s:40:10:44:Infinity":9,"s:41:12:41:Infinity":10,"b:41:39:41:51:41:51:41:56":3,"s:43:12:43:Infinity":11,"s:48:4:48:Infinity":12,"f:48:20:48:26":5,"s:48:26:48:44":13,"s:49:4:52:Infinity":14,"f:49:25:49:31":6,"s:50:6:50:Infinity":15,"s:51:6:51:Infinity":16,"s:53:4:53:Infinity":17,"f:57:15:57:79":7,"b:58:2:60:Infinity:undefined:undefined:undefined:undefined":4,"s:58:2:60:Infinity":18,"s:59:4:59:Infinity":19,"s:61:22:63:Infinity":20,"f:61:62:61:69":8,"s:61:69:63:4":21,"s:64:2:64:Infinity":22,"s:82:31:82:Infinity":23,"s:91:9:91:Infinity":24,"s:94:22:94:Infinity":25,"s:95:50:95:Infinity":26,"s:96:64:96:Infinity":27,"s:97:21:97:Infinity":28,"s:98:34:98:Infinity":29,"f:102:2:102:14":9,"s:103:4:103:Infinity":30,"f:106:8:106:33":10,"s:107:4:109:Infinity":31,"f:107:29:107:30":11,"s:108:6:108:Infinity":32,"f:112:16:112:32":12,"s:113:20:113:Infinity":33,"s:114:4:114:Infinity":34,"s:116:33:116:Infinity":35,"s:118:20:118:Infinity":36,"s:119:4:130:Infinity":37,"s:132:4:218:Infinity":38,"f:132:41:132:42":13,"s:133:49:133:Infinity":39,"b:135:6:143:Infinity:undefined:undefined:undefined:undefined":5,"s:135:6:143:Infinity":40,"s:137:10:137:Infinity":41,"s:138:8:138:Infinity":42,"s:139:8:141:Infinity":43,"s:142:8:142:Infinity":44,"f:142:19:142:25":14,"s:142:25:142:42":45,"b:145:6:217:Infinity:174:6:217:Infinity":6,"s:145:6:217:Infinity":46,"s:146:8:146:Infinity":47,"s:148:10:149:Infinity":48,"s:150:32:150:Infinity":49,"s:151:8:158:Infinity":50,"b:160:8:173:Infinity:170:15:173:Infinity":7,"s:160:8:173:Infinity":51,"s:161:10:161:Infinity":52,"s:162:10:169:Infinity":53,"f:162:39:162:40":15,"s:163:12:163:Infinity":54,"s:164:12:168:Infinity":55,"f:164:23:164:29":16,"s:165:14:167:Infinity":56,"f:165:43:165:44":17,"s:166:16:166:Infinity":57,"s:171:10:171:Infinity":58,"s:172:10:172:Infinity":59,"b:174:6:217:Infinity:undefined:undefined:undefined:undefined":8,"s:174:6:217:Infinity":60,"s:175:8:175:Infinity":61,"s:176:8:176:Infinity":62,"s:179:8:181:Infinity":63,"f:179:56:179:57":18,"s:180:10:180:Infinity":64,"b:184:8:191:Infinity:undefined:undefined:undefined:undefined":9,"s:184:8:191:Infinity":65,"s:185:28:185:Infinity":66,"s:186:26:186:Infinity":67,"b:187:10:190:Infinity:undefined:undefined:undefined:undefined":10,"s:187:10:190:Infinity":68,"b:187:14:187:25:187:25:187:36":11,"s:188:12:188:Infinity":69,"s:189:12:189:Infinity":70,"s:194:8:196:Infinity":71,"f:194:40:194:41":19,"s:195:10:195:Infinity":72,"s:199:8:201:Infinity":73,"f:199:39:199:40":20,"s:200:10:200:Infinity":74,"b:203:8:210:Infinity:undefined:undefined:undefined:undefined":12,"s:203:8:210:Infinity":75,"s:204:10:204:Infinity":76,"s:205:10:209:Infinity":77,"f:205:22:205:28":21,"s:206:12:208:Infinity":78,"f:206:43:206:44":22,"s:207:14:207:Infinity":79,"b:213:8:216:Infinity:undefined:undefined:undefined:undefined":13,"s:213:8:216:Infinity":80,"s:214:10:214:Infinity":81,"s:215:10:215:Infinity":82,"s:220:4:220:Infinity":83,"s:222:4:294:Infinity":84,"f:222:39:222:46":23,"s:223:6:293:Infinity":85,"s:224:8:292:Infinity":86,"b:225:10:225:Infinity:undefined:undefined:undefined:undefined":14,"s:225:10:225:Infinity":87,"s:225:28:225:Infinity":88,"s:229:16:229:Infinity":89,"b:230:10:230:Infinity:undefined:undefined:undefined:undefined":15,"s:230:10:230:Infinity":90,"s:230:27:230:Infinity":91,"s:231:25:231:Infinity":92,"b:232:10:232:Infinity:undefined:undefined:undefined:undefined":16,"s:232:10:232:Infinity":93,"b:232:14:232:25:232:25:232:56":17,"s:232:56:232:Infinity":94,"s:235:26:235:Infinity":95,"s:237:28:239:Infinity":96,"s:242:26:242:Infinity":97,"s:243:10:249:Infinity":98,"s:252:25:252:Infinity":99,"b:253:10:286:Infinity:undefined:undefined:undefined:undefined":18,"s:253:10:286:Infinity":100,"s:255:14:259:Infinity":101,"b:255:14:255:Infinity:256:14:256:Infinity:257:14:257:Infinity:258:14:258:Infinity:259:14:259:Infinity":19,"b:262:12:262:Infinity:undefined:undefined:undefined:undefined":20,"s:262:12:262:Infinity":102,"s:262:26:262:Infinity":103,"s:264:27:264:Infinity":104,"b:264:27:264:50:264:50:264:71:264:71:264:Infinity":21,"s:265:31:265:Infinity":105,"b:265:31:265:47:265:47:265:71:265:71:265:Infinity":22,"s:267:27:267:Infinity":106,"b:267:27:267:45:267:45:267:Infinity":23,"s:272:33:274:Infinity":107,"b:273:16:273:Infinity:274:16:274:Infinity":24,"s:276:12:285:Infinity":108,"b:277:18:277:32:277:32:277:Infinity":25,"s:288:10:291:Infinity":109,"f:297:8:297:20":24,"s:302:21:304:Infinity":110,"b:303:8:303:Infinity:304:8:304:Infinity":26,"b:306:4:313:Infinity:undefined:undefined:undefined:undefined":27,"s:306:4:313:Infinity":111,"s:307:6:307:Infinity":112,"s:308:6:311:Infinity":113,"s:312:6:312:Infinity":114,"s:314:4:324:Infinity":115,"s:315:6:315:Infinity":116,"s:316:6:316:Infinity":117,"s:319:6:319:Infinity":118,"s:320:6:323:Infinity":119,"f:327:2:327:25":25,"s:328:4:328:Infinity":120,"f:331:2:331:10":26,"s:332:4:332:Infinity":121,"b:332:11:332:36:332:36:332:Infinity":28,"f:335:8:335:36":27,"s:336:4:336:Infinity":122,"s:337:4:337:Infinity":123,"f:340:8:340:18":28,"s:341:4:347:Infinity":124,"s:342:21:342:Infinity":125,"b:342:32:342:46:342:46:342:Infinity":29,"s:343:6:343:Infinity":126,"s:344:6:344:Infinity":127,"s:346:6:346:Infinity":128,"f:350:8:350:19":29,"s:351:4:351:Infinity":129,"f:359:8:359:26":30,"b:359:34:359:56":30,"b:360:4:369:Infinity:undefined:undefined:undefined:undefined":31,"s:360:4:369:Infinity":130,"s:361:12:361:Infinity":131,"b:362:6:368:Infinity:undefined:undefined:undefined:undefined":32,"s:362:6:368:Infinity":132,"s:363:29:363:Infinity":133,"b:364:8:367:Infinity:undefined:undefined:undefined:undefined":33,"s:364:8:367:Infinity":134,"s:365:10:365:Infinity":135,"s:366:10:366:Infinity":136,"s:371:4:387:Infinity":137,"s:372:6:372:Infinity":138,"s:373:21:373:Infinity":139,"s:375:18:375:Infinity":140,"s:376:6:381:Infinity":141,"b:377:8:380:Infinity:undefined:undefined:undefined:undefined":34,"s:377:8:380:Infinity":142,"s:378:10:378:Infinity":143,"s:379:10:379:Infinity":144,"s:383:6:383:Infinity":145,"s:384:6:384:Infinity":146,"s:386:6:386:Infinity":147,"f:390:16:390:29":31,"b:391:4:391:Infinity:undefined:undefined:undefined:undefined":35,"s:391:4:391:Infinity":148,"s:391:31:391:Infinity":149,"s:392:10:392:Infinity":150,"b:392:10:392:63:392:63:392:Infinity":36,"b:392:21:392:42:392:42:392:46":37,"s:395:19:395:Infinity":151,"b:396:4:402:Infinity:undefined:undefined:undefined:undefined":38,"s:396:4:402:Infinity":152,"s:397:6:400:Infinity":153,"s:401:6:401:Infinity":154,"s:405:4:418:Infinity":155,"s:406:17:406:Infinity":156,"b:407:6:415:Infinity:undefined:undefined:undefined:undefined":39,"s:407:6:415:Infinity":157,"s:408:25:408:Infinity":158,"b:408:25:408:70:408:70:408:72":40,"b:408:29:408:49:408:49:408:53":41,"s:409:8:409:Infinity":159,"s:410:8:413:Infinity":160,"s:414:8:414:Infinity":161,"s:417:6:417:Infinity":162,"s:420:4:420:Infinity":163,"f:423:16:423:52":32,"b:424:4:424:Infinity:undefined:undefined:undefined:undefined":42,"s:424:4:424:Infinity":164,"b:424:8:424:25:424:25:424:58":43,"s:424:58:424:Infinity":165,"s:425:4:425:Infinity":166,"s:426:4:443:Infinity":167,"s:427:6:430:Infinity":168,"s:431:6:440:Infinity":169,"s:432:21:432:Infinity":170,"b:433:8:433:Infinity:undefined:undefined:undefined:undefined":44,"s:433:8:433:Infinity":171,"s:433:19:433:Infinity":172,"s:435:8:435:Infinity":173,"s:436:8:439:Infinity":174,"s:442:6:442:Infinity":175,"s:447:0:447:Infinity":176,"f:447:28:447:29":33,"s:447:51:447:76":177}}}
,"/Users/i/nanoclaw-sandbox-3832/src/permission-rule-engine/rule-engine.ts": {"path":"/Users/i/nanoclaw-sandbox-3832/src/permission-rule-engine/rule-engine.ts","statementMap":{"0":{"start":{"line":25,"column":8},"end":{"line":25,"column":null}},"1":{"start":{"line":32,"column":70},"end":{"line":37,"column":null}},"2":{"start":{"line":39,"column":2},"end":{"line":53,"column":null}},"3":{"start":{"line":40,"column":22},"end":{"line":46,"column":null}},"4":{"start":{"line":41,"column":25},"end":{"line":41,"column":null}},"5":{"start":{"line":42,"column":26},"end":{"line":42,"column":null}},"6":{"start":{"line":44,"column":8},"end":{"line":44,"column":null}},"7":{"start":{"line":45,"column":6},"end":{"line":45,"column":null}},"8":{"start":{"line":48,"column":20},"end":{"line":48,"column":null}},"9":{"start":{"line":49,"column":4},"end":{"line":52,"column":null}},"10":{"start":{"line":50,"column":6},"end":{"line":50,"column":null}},"11":{"start":{"line":51,"column":6},"end":{"line":51,"column":null}},"12":{"start":{"line":55,"column":2},"end":{"line":55,"column":null}},"13":{"start":{"line":65,"column":2},"end":{"line":67,"column":null}},"14":{"start":{"line":66,"column":4},"end":{"line":66,"column":null}},"15":{"start":{"line":68,"column":2},"end":{"line":68,"column":null}},"16":{"start":{"line":76,"column":2},"end":{"line":81,"column":null}},"17":{"start":{"line":77,"column":30},"end":{"line":77,"column":null}},"18":{"start":{"line":78,"column":4},"end":{"line":80,"column":null}},"19":{"start":{"line":79,"column":6},"end":{"line":79,"column":null}},"20":{"start":{"line":82,"column":2},"end":{"line":82,"column":null}}},"fnMap":{"0":{"name":"checkPermissionRule","decl":{"start":{"line":20,"column":16},"end":{"line":20,"column":null}},"loc":{"start":{"line":24,"column":22},"end":{"line":56,"column":null}},"line":24},"1":{"name":"(anonymous_1)","decl":{"start":{"line":40,"column":38},"end":{"line":40,"column":39}},"loc":{"start":{"line":40,"column":45},"end":{"line":46,"column":5}},"line":40},"2":{"name":"normalizePattern","decl":{"start":{"line":64,"column":9},"end":{"line":64,"column":26}},"loc":{"start":{"line":64,"column":75},"end":{"line":69,"column":null}},"line":64},"3":{"name":"findFirstMatch","decl":{"start":{"line":71,"column":9},"end":{"line":71,"column":null}},"loc":{"start":{"line":75,"column":30},"end":{"line":83,"column":null}},"line":75}},"branchMap":{"0":{"loc":{"start":{"line":44,"column":8},"end":{"line":44,"column":null}},"type":"cond-expr","locations":[{"start":{"line":44,"column":34},"end":{"line":44,"column":41}},{"start":{"line":44,"column":41},"end":{"line":44,"column":null}}],"line":44},"1":{"loc":{"start":{"line":45,"column":13},"end":{"line":45,"column":null}},"type":"binary-expr","locations":[{"start":{"line":45,"column":13},"end":{"line":45,"column":27}},{"start":{"line":45,"column":27},"end":{"line":45,"column":42}},{"start":{"line":45,"column":42},"end":{"line":45,"column":null}}],"line":45},"2":{"loc":{"start":{"line":49,"column":4},"end":{"line":52,"column":null}},"type":"if","locations":[{"start":{"line":49,"column":4},"end":{"line":52,"column":null}},{"start":{},"end":{}}],"line":49},"3":{"loc":{"start":{"line":65,"column":2},"end":{"line":67,"column":null}},"type":"if","locations":[{"start":{"line":65,"column":2},"end":{"line":67,"column":null}},{"start":{},"end":{}}],"line":65},"4":{"loc":{"start":{"line":78,"column":4},"end":{"line":80,"column":null}},"type":"if","locations":[{"start":{"line":78,"column":4},"end":{"line":80,"column":null}},{"start":{},"end":{}}],"line":78}},"s":{"0":108,"1":108,"2":108,"3":328,"4":632,"5":632,"6":632,"7":632,"8":328,"9":328,"10":106,"11":106,"12":2,"13":106,"14":103,"15":3,"16":328,"17":106,"18":106,"19":106,"20":222},"f":{"0":108,"1":632,"2":106,"3":328},"b":{"0":[212,420],"1":[632,215,108],"2":[106,222],"3":[103,3],"4":[106,0]},"meta":{"lastBranch":5,"lastFunction":4,"lastStatement":21,"seen":{"f:20:16:20:Infinity":0,"s:25:8:25:Infinity":0,"s:32:70:37:Infinity":1,"s:39:2:53:Infinity":2,"s:40:22:46:Infinity":3,"f:40:38:40:39":1,"s:41:25:41:Infinity":4,"s:42:26:42:Infinity":5,"s:44:8:44:Infinity":6,"b:44:34:44:41:44:41:44:Infinity":0,"s:45:6:45:Infinity":7,"b:45:13:45:27:45:27:45:42:45:42:45:Infinity":1,"s:48:20:48:Infinity":8,"b:49:4:52:Infinity:undefined:undefined:undefined:undefined":2,"s:49:4:52:Infinity":9,"s:50:6:50:Infinity":10,"s:51:6:51:Infinity":11,"s:55:2:55:Infinity":12,"f:64:9:64:26":2,"b:65:2:67:Infinity:undefined:undefined:undefined:undefined":3,"s:65:2:67:Infinity":13,"s:66:4:66:Infinity":14,"s:68:2:68:Infinity":15,"f:71:9:71:Infinity":3,"s:76:2:81:Infinity":16,"s:77:30:77:Infinity":17,"b:78:4:80:Infinity:undefined:undefined:undefined:undefined":4,"s:78:4:80:Infinity":18,"s:79:6:79:Infinity":19,"s:82:2:82:Infinity":20}}}
}
